\BOOKMARK [1][-]{section.1}{Gii thiu \040t\340i}{}% 1
\BOOKMARK [2][-]{subsection.1.1}{Bi canh}{section.1}% 2
\BOOKMARK [3][-]{subsubsection.1.1.1}{Trc quan ho\341 d liu}{subsection.1.1}% 3
\BOOKMARK [3][-]{subsubsection.1.1.2}{ng dung tr\352n nn tang Web}{subsection.1.1}% 4
\BOOKMARK [3][-]{subsubsection.1.1.3}{Ng canh \040t\340i}{subsection.1.1}% 5
\BOOKMARK [2][-]{subsection.1.2}{L\355 do chon \040t\340i}{section.1}% 6
\BOOKMARK [2][-]{subsection.1.3}{Muc ti\352u \040t\340i}{section.1}% 7
\BOOKMARK [1][-]{section.2}{Kin thc nn tang v\340 C\364ng ngh}{}% 8
\BOOKMARK [2][-]{subsection.2.1}{C\364ng tr\354nh li\352n quan}{section.2}% 9
\BOOKMARK [3][-]{subsubsection.2.1.1}{C\364ng cu h tr trc quan d liu ph\342n t\341n Gapminder}{subsection.2.1}% 10
\BOOKMARK [3][-]{subsubsection.2.1.2}{\320\341nh gi\341}{subsection.2.1}% 11
\BOOKMARK [2][-]{subsection.2.2}{Global Health Atlas - WHO}{section.2}% 12
\BOOKMARK [3][-]{subsubsection.2.2.1}{Gii thiu}{subsection.2.2}% 13
\BOOKMARK [3][-]{subsubsection.2.2.2}{Muc ti\352u}{subsection.2.2}% 14
\BOOKMARK [3][-]{subsubsection.2.2.3}{Phng ph\341p}{subsection.2.2}% 15
\BOOKMARK [3][-]{subsubsection.2.2.4}{Th vin \040thi C3.js}{subsection.2.2}% 16
\BOOKMARK [3][-]{subsubsection.2.2.5}{ng dung tao ban \040online Mapme}{subsection.2.2}% 17
\BOOKMARK [2][-]{subsection.2.3}{Kin thc nn tang}{section.2}% 18
\BOOKMARK [2][-]{subsection.2.4}{C\341c c\364ng tr\354nh li\352n quan}{section.2}% 19
\BOOKMARK [3][-]{subsubsection.2.4.1}{Gii thiu}{subsection.2.4}% 20
\BOOKMARK [3][-]{subsubsection.2.4.2}{Muc ti\352u}{subsection.2.4}% 21
\BOOKMARK [3][-]{subsubsection.2.4.3}{Phng ph\341p}{subsection.2.4}% 22
\BOOKMARK [3][-]{subsubsection.2.4.4}{\320\341nh gi\341}{subsection.2.4}% 23
\BOOKMARK [2][-]{subsection.2.5}{Kin thc nn}{section.2}% 24
\BOOKMARK [2][-]{subsection.2.6}{JavaScript}{section.2}% 25
\BOOKMARK [3][-]{subsubsection.2.6.1}{Gii thiu}{subsection.2.6}% 26
\BOOKMARK [3][-]{subsubsection.2.6.2}{Muc ti\352u}{subsection.2.6}% 27
\BOOKMARK [3][-]{subsubsection.2.6.3}{T\355nh nang}{subsection.2.6}% 28
\BOOKMARK [3][-]{subsubsection.2.6.4}{ng dung}{subsection.2.6}% 29
\BOOKMARK [2][-]{subsection.2.7}{jQuery}{section.2}% 30
\BOOKMARK [3][-]{subsubsection.2.7.1}{Gii thiu}{subsection.2.7}% 31
\BOOKMARK [3][-]{subsubsection.2.7.2}{Muc ti\352u}{subsection.2.7}% 32
\BOOKMARK [3][-]{subsubsection.2.7.3}{T\355nh nang}{subsection.2.7}% 33
\BOOKMARK [3][-]{subsubsection.2.7.4}{ng dung}{subsection.2.7}% 34
\BOOKMARK [2][-]{subsection.2.8}{d3.js}{section.2}% 35
\BOOKMARK [3][-]{subsubsection.2.8.1}{Gii thiu}{subsection.2.8}% 36
\BOOKMARK [3][-]{subsubsection.2.8.2}{Muc ti\352u}{subsection.2.8}% 37
\BOOKMARK [3][-]{subsubsection.2.8.3}{ng dung}{subsection.2.8}% 38
\BOOKMARK [2][-]{subsection.2.9}{OpenLayers}{section.2}% 39
\BOOKMARK [3][-]{subsubsection.2.9.1}{Gii thiu}{subsection.2.9}% 40
\BOOKMARK [3][-]{subsubsection.2.9.2}{Muc ti\352u}{subsection.2.9}% 41
\BOOKMARK [3][-]{subsubsection.2.9.3}{\320c im}{subsection.2.9}% 42
\BOOKMARK [3][-]{subsubsection.2.9.4}{ng dung}{subsection.2.9}% 43
\BOOKMARK [1][-]{section.3}{Gii thiu th vin C9js}{}% 44
\BOOKMARK [2][-]{subsection.3.1}{M\364 ta b\340i to\341n}{section.3}% 45
\BOOKMARK [2][-]{subsection.3.2}{Hng dn s dung}{section.3}% 46
\BOOKMARK [2][-]{subsection.3.3}{C\341c v\355 du minh hoa}{section.3}% 47
\BOOKMARK [2][-]{subsection.3.4}{ng dung thc t}{section.3}% 48
\BOOKMARK [1][-]{section.4}{Qu\341 tr\354nh thc hin}{}% 49
\BOOKMARK [2][-]{subsection.4.1}{Kin tr\372c x\342y dng}{section.4}% 50
\BOOKMARK [2][-]{subsection.4.2}{Hin thc th vin}{section.4}% 51
\BOOKMARK [1][-]{section.5}{Kt lun}{}% 52
\BOOKMARK [2][-]{subsection.5.1}{\320\341nh gi\341}{section.5}% 53
\BOOKMARK [2][-]{subsection.5.2}{Hng ph\341t trin}{section.5}% 54
\BOOKMARK [2][-]{subsection.5.3}{Kt lun}{section.5}% 55
\BOOKMARK [1][-]{section.6}{T\340i liu tham khao}{}% 56
\BOOKMARK [1][-]{section.7}{Giai ph\341p \040xut}{}% 57
\BOOKMARK [2][-]{subsection.7.1}{M\364 ta b\340i to\341n}{section.7}% 58
\BOOKMARK [2][-]{subsection.7.2}{Kin tr\372c th vin d kin x\342y dng}{section.7}% 59
\BOOKMARK [2][-]{subsection.7.3}{M\364 h\354nh d liu d kin x\342y dng}{section.7}% 60
\BOOKMARK [1][-]{section.8}{Phng ph\341p \341nh gi\341}{}% 61
\BOOKMARK [1][-]{section.9}{K hoach thc hin}{}% 62
\BOOKMARK [1][-]{section.10}{Kt lun}{}% 63
\BOOKMARK [1][-]{section.11}{T\340i liu tham khao}{}% 64
