This is pdfTeX, Version 3.1415926-2.5-1.40.14 (MiKTeX 2.9 64-bit) (preloaded format=pdflatex 2016.3.30)  2 DEC 2016 00:20
entering extended mode
**LVTN.tex
(D:\LVTN\c9js-demo\report\LVTN\LVTN.tex
LaTeX2e <2011/06/27>
Babel <v3.8m> and hyphenation patterns for english, afrikaans, ancientgreek, ar
abic, armenian, assamese, basque, bengali, bokmal, bulgarian, catalan, coptic, 
croatian, czech, danish, dutch, esperanto, estonian, farsi, finnish, french, ga
lician, german, german-x-2013-05-26, greek, gujarati, hindi, hungarian, iceland
ic, indonesian, interlingua, irish, italian, kannada, kurmanji, latin, latvian,
 lithuanian, malayalam, marathi, mongolian, mongolianlmc, monogreek, ngerman, n
german-x-2013-05-26, nynorsk, oriya, panjabi, pinyin, polish, portuguese, roman
ian, russian, sanskrit, serbian, slovak, slovenian, spanish, swedish, swissgerm
an, tamil, telugu, turkish, turkmen, ukenglish, ukrainian, uppersorbian, usengl
ishmax, welsh, loaded.
("C:\Program Files\MiKTeX 2.9\tex\latex\base\article.cls"
Document Class: article 2007/10/19 v1.4h Standard LaTeX document class
("C:\Program Files\MiKTeX 2.9\tex\latex\base\size12.clo"
File: size12.clo 2007/10/19 v1.4h Standard LaTeX file (size option)
)
\c@part=\count79
\c@section=\count80
\c@subsection=\count81
\c@subsubsection=\count82
\c@paragraph=\count83
\c@subparagraph=\count84
\c@figure=\count85
\c@table=\count86
\abovecaptionskip=\skip41
\belowcaptionskip=\skip42
\bibindent=\dimen102
)
("C:\Program Files\MiKTeX 2.9\tex\latex\vntex\vietnam.sty"
Package: vietnam 2009/07/12 v1.3 support for Vietnamese

("C:\Program Files\MiKTeX 2.9\tex\latex\base\ifthen.sty"
Package: ifthen 2001/05/26 v1.1c Standard LaTeX ifthen package (DPC)
)
("C:\Program Files\MiKTeX 2.9\tex\latex\base\fontenc.sty"
Package: fontenc 2005/09/27 v1.99g Standard LaTeX package

("C:\Program Files\MiKTeX 2.9\tex\latex\vntex\t5enc.def"
File: t5enc.def 2006/11/21 v1.4 Vietnamese T5 encoding
)
LaTeX Font Info:    Try loading font information for T5+cmr on input line 100.

("C:\Program Files\MiKTeX 2.9\tex\latex\vntex\t5cmr.fd"
File: t5cmr.fd 1999/05/25 v2.5h Standard LaTeX font definitions
))
("C:\Program Files\MiKTeX 2.9\tex\latex\base\inputenc.sty"
Package: inputenc 2008/03/30 v1.1d Input encoding file
\inpenc@prehook=\toks14
\inpenc@posthook=\toks15

("C:\Program Files\MiKTeX 2.9\tex\latex\base\utf8.def"
File: utf8.def 2008/04/05 v1.1m UTF-8 support for inputenc
Now handling font encoding OML ...
... no UTF-8 mapping file for font encoding OML
Now handling font encoding T1 ...
... processing UTF-8 mapping file for font encoding T1

("C:\Program Files\MiKTeX 2.9\tex\latex\base\t1enc.dfu"
File: t1enc.dfu 2008/04/05 v1.1m UTF-8 support for inputenc
   defining Unicode char U+00A1 (decimal 161)
   defining Unicode char U+00A3 (decimal 163)
   defining Unicode char U+00AB (decimal 171)
   defining Unicode char U+00BB (decimal 187)
   defining Unicode char U+00BF (decimal 191)
   defining Unicode char U+00C0 (decimal 192)
   defining Unicode char U+00C1 (decimal 193)
   defining Unicode char U+00C2 (decimal 194)
   defining Unicode char U+00C3 (decimal 195)
   defining Unicode char U+00C4 (decimal 196)
   defining Unicode char U+00C5 (decimal 197)
   defining Unicode char U+00C6 (decimal 198)
   defining Unicode char U+00C7 (decimal 199)
   defining Unicode char U+00C8 (decimal 200)
   defining Unicode char U+00C9 (decimal 201)
   defining Unicode char U+00CA (decimal 202)
   defining Unicode char U+00CB (decimal 203)
   defining Unicode char U+00CC (decimal 204)
   defining Unicode char U+00CD (decimal 205)
   defining Unicode char U+00CE (decimal 206)
   defining Unicode char U+00CF (decimal 207)
   defining Unicode char U+00D0 (decimal 208)
   defining Unicode char U+00D1 (decimal 209)
   defining Unicode char U+00D2 (decimal 210)
   defining Unicode char U+00D3 (decimal 211)
   defining Unicode char U+00D4 (decimal 212)
   defining Unicode char U+00D5 (decimal 213)
   defining Unicode char U+00D6 (decimal 214)
   defining Unicode char U+00D8 (decimal 216)
   defining Unicode char U+00D9 (decimal 217)
   defining Unicode char U+00DA (decimal 218)
   defining Unicode char U+00DB (decimal 219)
   defining Unicode char U+00DC (decimal 220)
   defining Unicode char U+00DD (decimal 221)
   defining Unicode char U+00DE (decimal 222)
   defining Unicode char U+00DF (decimal 223)
   defining Unicode char U+00E0 (decimal 224)
   defining Unicode char U+00E1 (decimal 225)
   defining Unicode char U+00E2 (decimal 226)
   defining Unicode char U+00E3 (decimal 227)
   defining Unicode char U+00E4 (decimal 228)
   defining Unicode char U+00E5 (decimal 229)
   defining Unicode char U+00E6 (decimal 230)
   defining Unicode char U+00E7 (decimal 231)
   defining Unicode char U+00E8 (decimal 232)
   defining Unicode char U+00E9 (decimal 233)
   defining Unicode char U+00EA (decimal 234)
   defining Unicode char U+00EB (decimal 235)
   defining Unicode char U+00EC (decimal 236)
   defining Unicode char U+00ED (decimal 237)
   defining Unicode char U+00EE (decimal 238)
   defining Unicode char U+00EF (decimal 239)
   defining Unicode char U+00F0 (decimal 240)
   defining Unicode char U+00F1 (decimal 241)
   defining Unicode char U+00F2 (decimal 242)
   defining Unicode char U+00F3 (decimal 243)
   defining Unicode char U+00F4 (decimal 244)
   defining Unicode char U+00F5 (decimal 245)
   defining Unicode char U+00F6 (decimal 246)
   defining Unicode char U+00F8 (decimal 248)
   defining Unicode char U+00F9 (decimal 249)
   defining Unicode char U+00FA (decimal 250)
   defining Unicode char U+00FB (decimal 251)
   defining Unicode char U+00FC (decimal 252)
   defining Unicode char U+00FD (decimal 253)
   defining Unicode char U+00FE (decimal 254)
   defining Unicode char U+00FF (decimal 255)
   defining Unicode char U+0102 (decimal 258)
   defining Unicode char U+0103 (decimal 259)
   defining Unicode char U+0104 (decimal 260)
   defining Unicode char U+0105 (decimal 261)
   defining Unicode char U+0106 (decimal 262)
   defining Unicode char U+0107 (decimal 263)
   defining Unicode char U+010C (decimal 268)
   defining Unicode char U+010D (decimal 269)
   defining Unicode char U+010E (decimal 270)
   defining Unicode char U+010F (decimal 271)
   defining Unicode char U+0110 (decimal 272)
   defining Unicode char U+0111 (decimal 273)
   defining Unicode char U+0118 (decimal 280)
   defining Unicode char U+0119 (decimal 281)
   defining Unicode char U+011A (decimal 282)
   defining Unicode char U+011B (decimal 283)
   defining Unicode char U+011E (decimal 286)
   defining Unicode char U+011F (decimal 287)
   defining Unicode char U+0130 (decimal 304)
   defining Unicode char U+0131 (decimal 305)
   defining Unicode char U+0132 (decimal 306)
   defining Unicode char U+0133 (decimal 307)
   defining Unicode char U+0139 (decimal 313)
   defining Unicode char U+013A (decimal 314)
   defining Unicode char U+013D (decimal 317)
   defining Unicode char U+013E (decimal 318)
   defining Unicode char U+0141 (decimal 321)
   defining Unicode char U+0142 (decimal 322)
   defining Unicode char U+0143 (decimal 323)
   defining Unicode char U+0144 (decimal 324)
   defining Unicode char U+0147 (decimal 327)
   defining Unicode char U+0148 (decimal 328)
   defining Unicode char U+014A (decimal 330)
   defining Unicode char U+014B (decimal 331)
   defining Unicode char U+0150 (decimal 336)
   defining Unicode char U+0151 (decimal 337)
   defining Unicode char U+0152 (decimal 338)
   defining Unicode char U+0153 (decimal 339)
   defining Unicode char U+0154 (decimal 340)
   defining Unicode char U+0155 (decimal 341)
   defining Unicode char U+0158 (decimal 344)
   defining Unicode char U+0159 (decimal 345)
   defining Unicode char U+015A (decimal 346)
   defining Unicode char U+015B (decimal 347)
   defining Unicode char U+015E (decimal 350)
   defining Unicode char U+015F (decimal 351)
   defining Unicode char U+0160 (decimal 352)
   defining Unicode char U+0161 (decimal 353)
   defining Unicode char U+0162 (decimal 354)
   defining Unicode char U+0163 (decimal 355)
   defining Unicode char U+0164 (decimal 356)
   defining Unicode char U+0165 (decimal 357)
   defining Unicode char U+016E (decimal 366)
   defining Unicode char U+016F (decimal 367)
   defining Unicode char U+0170 (decimal 368)
   defining Unicode char U+0171 (decimal 369)
   defining Unicode char U+0178 (decimal 376)
   defining Unicode char U+0179 (decimal 377)
   defining Unicode char U+017A (decimal 378)
   defining Unicode char U+017B (decimal 379)
   defining Unicode char U+017C (decimal 380)
   defining Unicode char U+017D (decimal 381)
   defining Unicode char U+017E (decimal 382)
   defining Unicode char U+200C (decimal 8204)
   defining Unicode char U+2013 (decimal 8211)
   defining Unicode char U+2014 (decimal 8212)
   defining Unicode char U+2018 (decimal 8216)
   defining Unicode char U+2019 (decimal 8217)
   defining Unicode char U+201A (decimal 8218)
   defining Unicode char U+201C (decimal 8220)
   defining Unicode char U+201D (decimal 8221)
   defining Unicode char U+201E (decimal 8222)
   defining Unicode char U+2030 (decimal 8240)
   defining Unicode char U+2031 (decimal 8241)
   defining Unicode char U+2039 (decimal 8249)
   defining Unicode char U+203A (decimal 8250)
   defining Unicode char U+2423 (decimal 9251)
)
Now handling font encoding OT1 ...
... processing UTF-8 mapping file for font encoding OT1

("C:\Program Files\MiKTeX 2.9\tex\latex\base\ot1enc.dfu"
File: ot1enc.dfu 2008/04/05 v1.1m UTF-8 support for inputenc
   defining Unicode char U+00A1 (decimal 161)
   defining Unicode char U+00A3 (decimal 163)
   defining Unicode char U+00B8 (decimal 184)
   defining Unicode char U+00BF (decimal 191)
   defining Unicode char U+00C5 (decimal 197)
   defining Unicode char U+00C6 (decimal 198)
   defining Unicode char U+00D8 (decimal 216)
   defining Unicode char U+00DF (decimal 223)
   defining Unicode char U+00E6 (decimal 230)
   defining Unicode char U+00EC (decimal 236)
   defining Unicode char U+00ED (decimal 237)
   defining Unicode char U+00EE (decimal 238)
   defining Unicode char U+00EF (decimal 239)
   defining Unicode char U+00F8 (decimal 248)
   defining Unicode char U+0131 (decimal 305)
   defining Unicode char U+0141 (decimal 321)
   defining Unicode char U+0142 (decimal 322)
   defining Unicode char U+0152 (decimal 338)
   defining Unicode char U+0153 (decimal 339)
   defining Unicode char U+2013 (decimal 8211)
   defining Unicode char U+2014 (decimal 8212)
   defining Unicode char U+2018 (decimal 8216)
   defining Unicode char U+2019 (decimal 8217)
   defining Unicode char U+201C (decimal 8220)
   defining Unicode char U+201D (decimal 8221)
)
Now handling font encoding OMS ...
... processing UTF-8 mapping file for font encoding OMS

("C:\Program Files\MiKTeX 2.9\tex\latex\base\omsenc.dfu"
File: omsenc.dfu 2008/04/05 v1.1m UTF-8 support for inputenc
   defining Unicode char U+00A7 (decimal 167)
   defining Unicode char U+00B6 (decimal 182)
   defining Unicode char U+00B7 (decimal 183)
   defining Unicode char U+2020 (decimal 8224)
   defining Unicode char U+2021 (decimal 8225)
   defining Unicode char U+2022 (decimal 8226)
)
Now handling font encoding OMX ...
... no UTF-8 mapping file for font encoding OMX
Now handling font encoding U ...
... no UTF-8 mapping file for font encoding U
Now handling font encoding T5 ...
... processing UTF-8 mapping file for font encoding T5

("C:\Program Files\MiKTeX 2.9\tex\latex\vntex\t5enc.dfu"
File: t5enc.dfu 2006/08/19 v1.1 UTF8 support for Vietnamese
   defining Unicode char U+00AB (decimal 171)
   defining Unicode char U+00BB (decimal 187)
   defining Unicode char U+00C0 (decimal 192)
   defining Unicode char U+00C1 (decimal 193)
   defining Unicode char U+00C2 (decimal 194)
   defining Unicode char U+00C3 (decimal 195)
   defining Unicode char U+00C8 (decimal 200)
   defining Unicode char U+00C9 (decimal 201)
   defining Unicode char U+00CA (decimal 202)
   defining Unicode char U+00CC (decimal 204)
   defining Unicode char U+00CD (decimal 205)
   defining Unicode char U+00D2 (decimal 210)
   defining Unicode char U+00D3 (decimal 211)
   defining Unicode char U+00D4 (decimal 212)
   defining Unicode char U+00D5 (decimal 213)
   defining Unicode char U+00D9 (decimal 217)
   defining Unicode char U+00DA (decimal 218)
   defining Unicode char U+00DD (decimal 221)
   defining Unicode char U+00E0 (decimal 224)
   defining Unicode char U+00E1 (decimal 225)
   defining Unicode char U+00E2 (decimal 226)
   defining Unicode char U+00E3 (decimal 227)
   defining Unicode char U+00E8 (decimal 232)
   defining Unicode char U+00E9 (decimal 233)
   defining Unicode char U+00EA (decimal 234)
   defining Unicode char U+00EC (decimal 236)
   defining Unicode char U+00ED (decimal 237)
   defining Unicode char U+00F2 (decimal 242)
   defining Unicode char U+00F3 (decimal 243)
   defining Unicode char U+00F4 (decimal 244)
   defining Unicode char U+00F5 (decimal 245)
   defining Unicode char U+00F9 (decimal 249)
   defining Unicode char U+00FA (decimal 250)
   defining Unicode char U+00FD (decimal 253)
   defining Unicode char U+0102 (decimal 258)
   defining Unicode char U+0103 (decimal 259)
   defining Unicode char U+0110 (decimal 272)
   defining Unicode char U+0111 (decimal 273)
   defining Unicode char U+0128 (decimal 296)
   defining Unicode char U+0129 (decimal 297)
   defining Unicode char U+0131 (decimal 305)
   defining Unicode char U+0168 (decimal 360)
   defining Unicode char U+0169 (decimal 361)
   defining Unicode char U+01A0 (decimal 416)
   defining Unicode char U+01A1 (decimal 417)
   defining Unicode char U+01AF (decimal 431)
   defining Unicode char U+01B0 (decimal 432)
   defining Unicode char U+1EA0 (decimal 7840)
   defining Unicode char U+1EA1 (decimal 7841)
   defining Unicode char U+1EA2 (decimal 7842)
   defining Unicode char U+1EA3 (decimal 7843)
   defining Unicode char U+1EA4 (decimal 7844)
   defining Unicode char U+1EA5 (decimal 7845)
   defining Unicode char U+1EA6 (decimal 7846)
   defining Unicode char U+1EA7 (decimal 7847)
   defining Unicode char U+1EA8 (decimal 7848)
   defining Unicode char U+1EA9 (decimal 7849)
   defining Unicode char U+1EAA (decimal 7850)
   defining Unicode char U+1EAB (decimal 7851)
   defining Unicode char U+1EAC (decimal 7852)
   defining Unicode char U+1EAD (decimal 7853)
   defining Unicode char U+1EAE (decimal 7854)
   defining Unicode char U+1EAF (decimal 7855)
   defining Unicode char U+1EB0 (decimal 7856)
   defining Unicode char U+1EB1 (decimal 7857)
   defining Unicode char U+1EB2 (decimal 7858)
   defining Unicode char U+1EB3 (decimal 7859)
   defining Unicode char U+1EB4 (decimal 7860)
   defining Unicode char U+1EB5 (decimal 7861)
   defining Unicode char U+1EB6 (decimal 7862)
   defining Unicode char U+1EB7 (decimal 7863)
   defining Unicode char U+1EB8 (decimal 7864)
   defining Unicode char U+1EB9 (decimal 7865)
   defining Unicode char U+1EBA (decimal 7866)
   defining Unicode char U+1EBB (decimal 7867)
   defining Unicode char U+1EBC (decimal 7868)
   defining Unicode char U+1EBD (decimal 7869)
   defining Unicode char U+1EBE (decimal 7870)
   defining Unicode char U+1EBF (decimal 7871)
   defining Unicode char U+1EC0 (decimal 7872)
   defining Unicode char U+1EC1 (decimal 7873)
   defining Unicode char U+1EC2 (decimal 7874)
   defining Unicode char U+1EC3 (decimal 7875)
   defining Unicode char U+1EC4 (decimal 7876)
   defining Unicode char U+1EC5 (decimal 7877)
   defining Unicode char U+1EC6 (decimal 7878)
   defining Unicode char U+1EC7 (decimal 7879)
   defining Unicode char U+1EC8 (decimal 7880)
   defining Unicode char U+1EC9 (decimal 7881)
   defining Unicode char U+1ECA (decimal 7882)
   defining Unicode char U+1ECB (decimal 7883)
   defining Unicode char U+1ECC (decimal 7884)
   defining Unicode char U+1ECD (decimal 7885)
   defining Unicode char U+1ECE (decimal 7886)
   defining Unicode char U+1ECF (decimal 7887)
   defining Unicode char U+1ED0 (decimal 7888)
   defining Unicode char U+1ED1 (decimal 7889)
   defining Unicode char U+1ED2 (decimal 7890)
   defining Unicode char U+1ED3 (decimal 7891)
   defining Unicode char U+1ED4 (decimal 7892)
   defining Unicode char U+1ED5 (decimal 7893)
   defining Unicode char U+1ED6 (decimal 7894)
   defining Unicode char U+1ED7 (decimal 7895)
   defining Unicode char U+1ED8 (decimal 7896)
   defining Unicode char U+1ED9 (decimal 7897)
   defining Unicode char U+1EDA (decimal 7898)
   defining Unicode char U+1EDB (decimal 7899)
   defining Unicode char U+1EDC (decimal 7900)
   defining Unicode char U+1EDD (decimal 7901)
   defining Unicode char U+1EDE (decimal 7902)
   defining Unicode char U+1EDF (decimal 7903)
   defining Unicode char U+1EE0 (decimal 7904)
   defining Unicode char U+1EE1 (decimal 7905)
   defining Unicode char U+1EE2 (decimal 7906)
   defining Unicode char U+1EE3 (decimal 7907)
   defining Unicode char U+1EE4 (decimal 7908)
   defining Unicode char U+1EE5 (decimal 7909)
   defining Unicode char U+1EE6 (decimal 7910)
   defining Unicode char U+1EE7 (decimal 7911)
   defining Unicode char U+1EE8 (decimal 7912)
   defining Unicode char U+1EE9 (decimal 7913)
   defining Unicode char U+1EEA (decimal 7914)
   defining Unicode char U+1EEB (decimal 7915)
   defining Unicode char U+1EEC (decimal 7916)
   defining Unicode char U+1EED (decimal 7917)
   defining Unicode char U+1EEE (decimal 7918)
   defining Unicode char U+1EEF (decimal 7919)
   defining Unicode char U+1EF0 (decimal 7920)
   defining Unicode char U+1EF1 (decimal 7921)
   defining Unicode char U+1EF2 (decimal 7922)
   defining Unicode char U+1EF3 (decimal 7923)
   defining Unicode char U+1EF4 (decimal 7924)
   defining Unicode char U+1EF5 (decimal 7925)
   defining Unicode char U+1EF6 (decimal 7926)
   defining Unicode char U+1EF7 (decimal 7927)
   defining Unicode char U+1EF8 (decimal 7928)
   defining Unicode char U+1EF9 (decimal 7929)
   defining Unicode char U+200C (decimal 8204)
   defining Unicode char U+2013 (decimal 8211)
   defining Unicode char U+2014 (decimal 8212)
   defining Unicode char U+2018 (decimal 8216)
   defining Unicode char U+2019 (decimal 8217)
   defining Unicode char U+201A (decimal 8218)
   defining Unicode char U+201C (decimal 8220)
   defining Unicode char U+201D (decimal 8221)
   defining Unicode char U+201E (decimal 8222)
   defining Unicode char U+2030 (decimal 8240)
   defining Unicode char U+2031 (decimal 8241)
   defining Unicode char U+2039 (decimal 8249)
   defining Unicode char U+203A (decimal 8250)
   defining Unicode char U+2423 (decimal 9251)
)
   defining Unicode char U+00A9 (decimal 169)
   defining Unicode char U+00AA (decimal 170)
   defining Unicode char U+00AE (decimal 174)
   defining Unicode char U+00BA (decimal 186)
   defining Unicode char U+02C6 (decimal 710)
   defining Unicode char U+02DC (decimal 732)
   defining Unicode char U+200C (decimal 8204)
   defining Unicode char U+2026 (decimal 8230)
   defining Unicode char U+2122 (decimal 8482)
   defining Unicode char U+2423 (decimal 9251)
))
("C:\Program Files\MiKTeX 2.9\tex\latex\vntex\vncaps.tex"
File: vncaps.tex 2006/06/07 v1.1 Captions in Vietnamese
))
("C:\Program Files\MiKTeX 2.9\tex\latex\graphics\graphicx.sty"
Package: graphicx 1999/02/16 v1.0f Enhanced LaTeX Graphics (DPC,SPQR)

("C:\Program Files\MiKTeX 2.9\tex\latex\graphics\keyval.sty"
Package: keyval 1999/03/16 v1.13 key=value parser (DPC)
\KV@toks@=\toks16
)
("C:\Program Files\MiKTeX 2.9\tex\latex\graphics\graphics.sty"
Package: graphics 2009/02/05 v1.0o Standard LaTeX Graphics (DPC,SPQR)

("C:\Program Files\MiKTeX 2.9\tex\latex\graphics\trig.sty"
Package: trig 1999/03/16 v1.09 sin cos tan (DPC)
)
("C:\Program Files\MiKTeX 2.9\tex\latex\00miktex\graphics.cfg"
File: graphics.cfg 2007/01/18 v1.5 graphics configuration of teTeX/TeXLive
)
Package graphics Info: Driver file: pdftex.def on input line 91.

("C:\Program Files\MiKTeX 2.9\tex\latex\pdftex-def\pdftex.def"
File: pdftex.def 2011/05/27 v0.06d Graphics/color for pdfTeX

("C:\Program Files\MiKTeX 2.9\tex\generic\oberdiek\infwarerr.sty"
Package: infwarerr 2010/04/08 v1.3 Providing info/warning/error messages (HO)
)
("C:\Program Files\MiKTeX 2.9\tex\generic\oberdiek\ltxcmds.sty"
Package: ltxcmds 2011/11/09 v1.22 LaTeX kernel commands for general use (HO)
)
\Gread@gobject=\count87
))
\Gin@req@height=\dimen103
\Gin@req@width=\dimen104
)
("C:\Program Files\MiKTeX 2.9\tex\latex\hyperref\hyperref.sty"
Package: hyperref 2012/11/06 v6.83m Hypertext links for LaTeX

("C:\Program Files\MiKTeX 2.9\tex\generic\oberdiek\hobsub-hyperref.sty"
Package: hobsub-hyperref 2012/04/25 v1.12 Bundle oberdiek, subset hyperref (HO)


("C:\Program Files\MiKTeX 2.9\tex\generic\oberdiek\hobsub-generic.sty"
Package: hobsub-generic 2012/04/25 v1.12 Bundle oberdiek, subset generic (HO)
Package: hobsub 2012/04/25 v1.12 Construct package bundles (HO)
Package hobsub Info: Skipping package `infwarerr' (already loaded).
Package hobsub Info: Skipping package `ltxcmds' (already loaded).
Package: ifluatex 2010/03/01 v1.3 Provides the ifluatex switch (HO)
Package ifluatex Info: LuaTeX not detected.
Package: ifvtex 2010/03/01 v1.5 Detect VTeX and its facilities (HO)
Package ifvtex Info: VTeX not detected.
Package: intcalc 2007/09/27 v1.1 Expandable calculations with integers (HO)
Package: ifpdf 2011/01/30 v2.3 Provides the ifpdf switch (HO)
Package ifpdf Info: pdfTeX in PDF mode is detected.
Package: etexcmds 2011/02/16 v1.5 Avoid name clashes with e-TeX commands (HO)
Package etexcmds Info: Could not find \expanded.
(etexcmds)             That can mean that you are not using pdfTeX 1.50 or
(etexcmds)             that some package has redefined \expanded.
(etexcmds)             In the latter case, load this package earlier.
Package: kvsetkeys 2012/04/25 v1.16 Key value parser (HO)
Package: kvdefinekeys 2011/04/07 v1.3 Define keys (HO)
Package: pdftexcmds 2011/11/29 v0.20 Utility functions of pdfTeX for LuaTeX (HO
)
Package pdftexcmds Info: LuaTeX not detected.
Package pdftexcmds Info: \pdf@primitive is available.
Package pdftexcmds Info: \pdf@ifprimitive is available.
Package pdftexcmds Info: \pdfdraftmode found.
Package: pdfescape 2011/11/25 v1.13 Implements pdfTeX's escape features (HO)
Package: bigintcalc 2012/04/08 v1.3 Expandable calculations on big integers (HO
)
Package: bitset 2011/01/30 v1.1 Handle bit-vector datatype (HO)
Package: uniquecounter 2011/01/30 v1.2 Provide unlimited unique counter (HO)
)
Package hobsub Info: Skipping package `hobsub' (already loaded).
Package: letltxmacro 2010/09/02 v1.4 Let assignment for LaTeX macros (HO)
Package: hopatch 2011/06/24 v1.1 Wrapper for package hooks (HO)
Package: xcolor-patch 2011/01/30 xcolor patch
Package: atveryend 2011/06/30 v1.8 Hooks at the very end of document (HO)
Package atveryend Info: \enddocument detected (standard20110627).
Package: atbegshi 2011/10/05 v1.16 At begin shipout hook (HO)
Package: refcount 2011/10/16 v3.4 Data extraction from label references (HO)
Package: hycolor 2011/01/30 v1.7 Color options for hyperref/bookmark (HO)
)
("C:\Program Files\MiKTeX 2.9\tex\generic\ifxetex\ifxetex.sty"
Package: ifxetex 2010/09/12 v0.6 Provides ifxetex conditional
)
("C:\Program Files\MiKTeX 2.9\tex\latex\oberdiek\auxhook.sty"
Package: auxhook 2011/03/04 v1.3 Hooks for auxiliary files (HO)
)
("C:\Program Files\MiKTeX 2.9\tex\latex\oberdiek\kvoptions.sty"
Package: kvoptions 2011/06/30 v3.11 Key value format for package options (HO)
)
\@linkdim=\dimen105
\Hy@linkcounter=\count88
\Hy@pagecounter=\count89

("C:\Program Files\MiKTeX 2.9\tex\latex\hyperref\pd1enc.def"
File: pd1enc.def 2012/11/06 v6.83m Hyperref: PDFDocEncoding definition (HO)
Now handling font encoding PD1 ...
... no UTF-8 mapping file for font encoding PD1
)
\Hy@SavedSpaceFactor=\count90

("C:\Program Files\MiKTeX 2.9\tex\latex\00miktex\hyperref.cfg"
File: hyperref.cfg 2002/06/06 v1.2 hyperref configuration of TeXLive
)
Package hyperref Info: Hyper figures OFF on input line 4443.
Package hyperref Info: Link nesting OFF on input line 4448.
Package hyperref Info: Hyper index ON on input line 4451.
Package hyperref Info: Plain pages OFF on input line 4458.
Package hyperref Info: Backreferencing OFF on input line 4463.
Package hyperref Info: Implicit mode ON; LaTeX internals redefined.
Package hyperref Info: Bookmarks ON on input line 4688.
\c@Hy@tempcnt=\count91

("C:\Program Files\MiKTeX 2.9\tex\latex\url\url.sty"
\Urlmuskip=\muskip10
Package: url 2013/09/16  ver 3.4  Verb mode for urls, etc.
)
LaTeX Info: Redefining \url on input line 5041.
\XeTeXLinkMargin=\dimen106
\Fld@menulength=\count92
\Field@Width=\dimen107
\Fld@charsize=\dimen108
Package hyperref Info: Hyper figures OFF on input line 6295.
Package hyperref Info: Link nesting OFF on input line 6300.
Package hyperref Info: Hyper index ON on input line 6303.
Package hyperref Info: backreferencing OFF on input line 6310.
Package hyperref Info: Link coloring OFF on input line 6315.
Package hyperref Info: Link coloring with OCG OFF on input line 6320.
Package hyperref Info: PDF/A mode OFF on input line 6325.
LaTeX Info: Redefining \ref on input line 6365.
LaTeX Info: Redefining \pageref on input line 6369.
\Hy@abspage=\count93
\c@Item=\count94
\c@Hfootnote=\count95
)

Package hyperref Message: Driver (autodetected): hpdftex.

("C:\Program Files\MiKTeX 2.9\tex\latex\hyperref\hpdftex.def"
File: hpdftex.def 2012/11/06 v6.83m Hyperref driver for pdfTeX
\Fld@listcount=\count96
\c@bookmark@seq@number=\count97

("C:\Program Files\MiKTeX 2.9\tex\latex\oberdiek\rerunfilecheck.sty"
Package: rerunfilecheck 2011/04/15 v1.7 Rerun checks for auxiliary files (HO)
Package uniquecounter Info: New unique counter `rerunfilecheck' on input line 2
82.
)
\Hy@SectionHShift=\skip43
)
("C:\Program Files\MiKTeX 2.9\tex\latex\natbib\natbib.sty"
Package: natbib 2010/09/13 8.31b (PWD, AO)
\bibhang=\skip44
\bibsep=\skip45
LaTeX Info: Redefining \cite on input line 694.
\c@NAT@ctr=\count98
)
("C:\Program Files\MiKTeX 2.9\tex\latex\fancyhdr\fancyhdr.sty"
\fancy@headwidth=\skip46
\f@ncyO@elh=\skip47
\f@ncyO@erh=\skip48
\f@ncyO@olh=\skip49
\f@ncyO@orh=\skip50
\f@ncyO@elf=\skip51
\f@ncyO@erf=\skip52
\f@ncyO@olf=\skip53
\f@ncyO@orf=\skip54
)
("C:\Program Files\MiKTeX 2.9\tex\latex\lastpage\lastpage.sty"

LaTeX Warning: You have requested release `2014/05/01' of LaTeX,
               but only release `2011/06/27' is available.

Package: lastpage 2015/03/29 v1.2m Refers to last page's name (HMM; JPG)
) ("C:\Program Files\MiKTeX 2.9\tex\latex\fancyhdr\extramarks.sty"
\@temptokenb=\toks17
)
("C:\Program Files\MiKTeX 2.9\tex\latex\graphics\color.sty"
Package: color 2005/11/14 v1.0j Standard LaTeX Color (DPC)

("C:\Program Files\MiKTeX 2.9\tex\latex\00miktex\color.cfg"
File: color.cfg 2007/01/18 v1.5 color configuration of teTeX/TeXLive
)
Package color Info: Driver file: pdftex.def on input line 130.

("C:\Program Files\MiKTeX 2.9\tex\latex\graphics\dvipsnam.def"
File: dvipsnam.def 1999/02/16 v3.0i Driver-dependant file (DPC,SPQR)
))
("C:\Program Files\MiKTeX 2.9\tex\latex\tocbibind\tocbibind.sty"
Package: tocbibind 2010/10/13 v1.5k extra ToC listings
Package tocbibind Info: The document has section divisions on input line 50.


Package tocbibind Note: Using section or other style headings.

)
Package hyperref Info: Option `colorlinks' set `false' on input line 17.
 ("C:\Program Files\MiKTeX 2.9\tex\latex\chngcntr\chngcntr.sty"
Package: chngcntr 2009/09/02 v1.0a change counter resetting
)
("C:\Program Files\MiKTeX 2.9\tex\latex\tocloft\tocloft.sty"
Package: tocloft 2013/05/02 v2.3f parameterised ToC, etc., typesetting
Package tocloft Info: The document has section divisions on input line 44.
\cftparskip=\skip55
\cftbeforetoctitleskip=\skip56
\cftaftertoctitleskip=\skip57
\cftbeforepartskip=\skip58
\cftpartnumwidth=\skip59
\cftpartindent=\skip60
\cftbeforesecskip=\skip61
\cftsecindent=\skip62
\cftsecnumwidth=\skip63
\cftbeforesubsecskip=\skip64
\cftsubsecindent=\skip65
\cftsubsecnumwidth=\skip66
\cftbeforesubsubsecskip=\skip67
\cftsubsubsecindent=\skip68
\cftsubsubsecnumwidth=\skip69
\cftbeforeparaskip=\skip70
\cftparaindent=\skip71
\cftparanumwidth=\skip72
\cftbeforesubparaskip=\skip73
\cftsubparaindent=\skip74
\cftsubparanumwidth=\skip75
\cftbeforeloftitleskip=\skip76
\cftafterloftitleskip=\skip77
\cftbeforefigskip=\skip78
\cftfigindent=\skip79
\cftfignumwidth=\skip80
\c@lofdepth=\count99
\c@lotdepth=\count100
\cftbeforelottitleskip=\skip81
\cftafterlottitleskip=\skip82
\cftbeforetabskip=\skip83
\cfttabindent=\skip84
\cfttabnumwidth=\skip85
)
\mylen=\skip86

("C:\Program Files\MiKTeX 2.9\tex\latex\caption\caption.sty"
Package: caption 2016/02/21 v3.3-144 Customizing captions (AR)

("C:\Program Files\MiKTeX 2.9\tex\latex\caption\caption3.sty"
Package: caption3 2016/02/04 v1.7-139 caption3 kernel (AR)
Package caption3 Info: TeX engine: e-TeX on input line 67.
\captionmargin=\dimen109
\captionmargin@=\dimen110
\captionwidth=\dimen111
\caption@tempdima=\dimen112
\caption@indent=\dimen113
\caption@parindent=\dimen114
\caption@hangindent=\dimen115
)
\c@ContinuedFloat=\count101
Package caption Info: hyperref package is loaded.
)
("C:\Program Files\MiKTeX 2.9\tex\latex\titlesec\titlesec.sty"
Package: titlesec 2016/03/21 v2.10.2 Sectioning titles
\ttl@box=\box26
\beforetitleunit=\skip87
\aftertitleunit=\skip88
\ttl@plus=\dimen116
\ttl@minus=\dimen117
\ttl@toksa=\toks18
\titlewidth=\dimen118
\titlewidthlast=\dimen119
\titlewidthfirst=\dimen120
)
("C:\Program Files\MiKTeX 2.9\tex\latex\listings\listings.sty"
\lst@mode=\count102
\lst@gtempboxa=\box27
\lst@token=\toks19
\lst@length=\count103
\lst@currlwidth=\dimen121
\lst@column=\count104
\lst@pos=\count105
\lst@lostspace=\dimen122
\lst@width=\dimen123
\lst@newlines=\count106
\lst@lineno=\count107
\lst@maxwidth=\dimen124

("C:\Program Files\MiKTeX 2.9\tex\latex\listings\lstmisc.sty"
File: lstmisc.sty 2015/06/04 1.6 (Carsten Heinz)
\c@lstnumber=\count108
\lst@skipnumbers=\count109
\lst@framebox=\box28
)
("C:\Program Files\MiKTeX 2.9\tex\latex\listings\listings.cfg"
File: listings.cfg 2015/06/04 1.6 listings configuration
))
Package: listings 2015/06/04 1.6 (Carsten Heinz)

("C:\Program Files\MiKTeX 2.9\tex\latex\upquote\upquote.sty"
Package: upquote 2012/04/19 v1.3 upright-quote and grave-accent glyphs in verba
tim

("C:\Program Files\MiKTeX 2.9\tex\latex\base\textcomp.sty"
Package: textcomp 2005/09/27 v1.99g Standard LaTeX package
Package textcomp Info: Sub-encoding information:
(textcomp)               5 = only ISO-Adobe without \textcurrency
(textcomp)               4 = 5 + \texteuro
(textcomp)               3 = 4 + \textohm
(textcomp)               2 = 3 + \textestimated + \textcurrency
(textcomp)               1 = TS1 - \textcircled - \t
(textcomp)               0 = TS1 (full)
(textcomp)             Font families with sub-encoding setting implement
(textcomp)             only a restricted character set as indicated.
(textcomp)             Family '?' is the default used for unknown fonts.
(textcomp)             See the documentation for details.
Package textcomp Info: Setting ? sub-encoding to TS1/1 on input line 71.

("C:\Program Files\MiKTeX 2.9\tex\latex\base\ts1enc.def"
File: ts1enc.def 2001/06/05 v3.0e (jk/car/fm) Standard LaTeX file
Now handling font encoding TS1 ...
... processing UTF-8 mapping file for font encoding TS1

("C:\Program Files\MiKTeX 2.9\tex\latex\base\ts1enc.dfu"
File: ts1enc.dfu 2008/04/05 v1.1m UTF-8 support for inputenc
   defining Unicode char U+00A2 (decimal 162)
   defining Unicode char U+00A3 (decimal 163)
   defining Unicode char U+00A4 (decimal 164)
   defining Unicode char U+00A5 (decimal 165)
   defining Unicode char U+00A6 (decimal 166)
   defining Unicode char U+00A7 (decimal 167)
   defining Unicode char U+00A8 (decimal 168)
   defining Unicode char U+00A9 (decimal 169)
   defining Unicode char U+00AA (decimal 170)
   defining Unicode char U+00AC (decimal 172)
   defining Unicode char U+00AE (decimal 174)
   defining Unicode char U+00AF (decimal 175)
   defining Unicode char U+00B0 (decimal 176)
   defining Unicode char U+00B1 (decimal 177)
   defining Unicode char U+00B2 (decimal 178)
   defining Unicode char U+00B3 (decimal 179)
   defining Unicode char U+00B4 (decimal 180)
   defining Unicode char U+00B5 (decimal 181)
   defining Unicode char U+00B6 (decimal 182)
   defining Unicode char U+00B7 (decimal 183)
   defining Unicode char U+00B9 (decimal 185)
   defining Unicode char U+00BA (decimal 186)
   defining Unicode char U+00BC (decimal 188)
   defining Unicode char U+00BD (decimal 189)
   defining Unicode char U+00BE (decimal 190)
   defining Unicode char U+00D7 (decimal 215)
   defining Unicode char U+00F7 (decimal 247)
   defining Unicode char U+0192 (decimal 402)
   defining Unicode char U+02C7 (decimal 711)
   defining Unicode char U+02D8 (decimal 728)
   defining Unicode char U+02DD (decimal 733)
   defining Unicode char U+0E3F (decimal 3647)
   defining Unicode char U+2016 (decimal 8214)
   defining Unicode char U+2020 (decimal 8224)
   defining Unicode char U+2021 (decimal 8225)
   defining Unicode char U+2022 (decimal 8226)
   defining Unicode char U+2030 (decimal 8240)
   defining Unicode char U+2031 (decimal 8241)
   defining Unicode char U+203B (decimal 8251)
   defining Unicode char U+203D (decimal 8253)
   defining Unicode char U+2044 (decimal 8260)
   defining Unicode char U+204E (decimal 8270)
   defining Unicode char U+2052 (decimal 8274)
   defining Unicode char U+20A1 (decimal 8353)
   defining Unicode char U+20A4 (decimal 8356)
   defining Unicode char U+20A6 (decimal 8358)
   defining Unicode char U+20A9 (decimal 8361)
   defining Unicode char U+20AB (decimal 8363)
   defining Unicode char U+20AC (decimal 8364)
   defining Unicode char U+20B1 (decimal 8369)
   defining Unicode char U+2103 (decimal 8451)
   defining Unicode char U+2116 (decimal 8470)
   defining Unicode char U+2117 (decimal 8471)
   defining Unicode char U+211E (decimal 8478)
   defining Unicode char U+2120 (decimal 8480)
   defining Unicode char U+2122 (decimal 8482)
   defining Unicode char U+2126 (decimal 8486)
   defining Unicode char U+2127 (decimal 8487)
   defining Unicode char U+212E (decimal 8494)
   defining Unicode char U+2190 (decimal 8592)
   defining Unicode char U+2191 (decimal 8593)
   defining Unicode char U+2192 (decimal 8594)
   defining Unicode char U+2193 (decimal 8595)
   defining Unicode char U+2329 (decimal 9001)
   defining Unicode char U+232A (decimal 9002)
   defining Unicode char U+2422 (decimal 9250)
   defining Unicode char U+25E6 (decimal 9702)
   defining Unicode char U+25EF (decimal 9711)
   defining Unicode char U+266A (decimal 9834)
))
LaTeX Info: Redefining \oldstylenums on input line 266.
Package textcomp Info: Setting cmr sub-encoding to TS1/0 on input line 281.
Package textcomp Info: Setting cmss sub-encoding to TS1/0 on input line 282.
Package textcomp Info: Setting cmtt sub-encoding to TS1/0 on input line 283.
Package textcomp Info: Setting cmvtt sub-encoding to TS1/0 on input line 284.
Package textcomp Info: Setting cmbr sub-encoding to TS1/0 on input line 285.
Package textcomp Info: Setting cmtl sub-encoding to TS1/0 on input line 286.
Package textcomp Info: Setting ccr sub-encoding to TS1/0 on input line 287.
Package textcomp Info: Setting ptm sub-encoding to TS1/4 on input line 288.
Package textcomp Info: Setting pcr sub-encoding to TS1/4 on input line 289.
Package textcomp Info: Setting phv sub-encoding to TS1/4 on input line 290.
Package textcomp Info: Setting ppl sub-encoding to TS1/3 on input line 291.
Package textcomp Info: Setting pag sub-encoding to TS1/4 on input line 292.
Package textcomp Info: Setting pbk sub-encoding to TS1/4 on input line 293.
Package textcomp Info: Setting pnc sub-encoding to TS1/4 on input line 294.
Package textcomp Info: Setting pzc sub-encoding to TS1/4 on input line 295.
Package textcomp Info: Setting bch sub-encoding to TS1/4 on input line 296.
Package textcomp Info: Setting put sub-encoding to TS1/5 on input line 297.
Package textcomp Info: Setting uag sub-encoding to TS1/5 on input line 298.
Package textcomp Info: Setting ugq sub-encoding to TS1/5 on input line 299.
Package textcomp Info: Setting ul8 sub-encoding to TS1/4 on input line 300.
Package textcomp Info: Setting ul9 sub-encoding to TS1/4 on input line 301.
Package textcomp Info: Setting augie sub-encoding to TS1/5 on input line 302.
Package textcomp Info: Setting dayrom sub-encoding to TS1/3 on input line 303.
Package textcomp Info: Setting dayroms sub-encoding to TS1/3 on input line 304.

Package textcomp Info: Setting pxr sub-encoding to TS1/0 on input line 305.
Package textcomp Info: Setting pxss sub-encoding to TS1/0 on input line 306.
Package textcomp Info: Setting pxtt sub-encoding to TS1/0 on input line 307.
Package textcomp Info: Setting txr sub-encoding to TS1/0 on input line 308.
Package textcomp Info: Setting txss sub-encoding to TS1/0 on input line 309.
Package textcomp Info: Setting txtt sub-encoding to TS1/0 on input line 310.
Package textcomp Info: Setting lmr sub-encoding to TS1/0 on input line 311.
Package textcomp Info: Setting lmdh sub-encoding to TS1/0 on input line 312.
Package textcomp Info: Setting lmss sub-encoding to TS1/0 on input line 313.
Package textcomp Info: Setting lmssq sub-encoding to TS1/0 on input line 314.
Package textcomp Info: Setting lmvtt sub-encoding to TS1/0 on input line 315.
Package textcomp Info: Setting qhv sub-encoding to TS1/0 on input line 316.
Package textcomp Info: Setting qag sub-encoding to TS1/0 on input line 317.
Package textcomp Info: Setting qbk sub-encoding to TS1/0 on input line 318.
Package textcomp Info: Setting qcr sub-encoding to TS1/0 on input line 319.
Package textcomp Info: Setting qcs sub-encoding to TS1/0 on input line 320.
Package textcomp Info: Setting qpl sub-encoding to TS1/0 on input line 321.
Package textcomp Info: Setting qtm sub-encoding to TS1/0 on input line 322.
Package textcomp Info: Setting qzc sub-encoding to TS1/0 on input line 323.
Package textcomp Info: Setting qhvc sub-encoding to TS1/0 on input line 324.
Package textcomp Info: Setting futs sub-encoding to TS1/4 on input line 325.
Package textcomp Info: Setting futx sub-encoding to TS1/4 on input line 326.
Package textcomp Info: Setting futj sub-encoding to TS1/4 on input line 327.
Package textcomp Info: Setting hlh sub-encoding to TS1/3 on input line 328.
Package textcomp Info: Setting hls sub-encoding to TS1/3 on input line 329.
Package textcomp Info: Setting hlst sub-encoding to TS1/3 on input line 330.
Package textcomp Info: Setting hlct sub-encoding to TS1/5 on input line 331.
Package textcomp Info: Setting hlx sub-encoding to TS1/5 on input line 332.
Package textcomp Info: Setting hlce sub-encoding to TS1/5 on input line 333.
Package textcomp Info: Setting hlcn sub-encoding to TS1/5 on input line 334.
Package textcomp Info: Setting hlcw sub-encoding to TS1/5 on input line 335.
Package textcomp Info: Setting hlcf sub-encoding to TS1/5 on input line 336.
Package textcomp Info: Setting pplx sub-encoding to TS1/3 on input line 337.
Package textcomp Info: Setting pplj sub-encoding to TS1/3 on input line 338.
Package textcomp Info: Setting ptmx sub-encoding to TS1/4 on input line 339.
Package textcomp Info: Setting ptmj sub-encoding to TS1/4 on input line 340.
))
("C:\Program Files\MiKTeX 2.9\tex\latex\listings\lstlang1.sty"
File: lstlang1.sty 2015/06/04 1.6 listings language file
)
("C:\Program Files\MiKTeX 2.9\tex\latex\listings\lstmisc.sty"
File: lstmisc.sty 2015/06/04 1.6 (Carsten Heinz)
)
\mylencode=\skip89
\cftbeforelistingsskip=\skip90
\cftlistingsindent=\skip91
\cftlistingsnumwidth=\skip92
\cftbeforeloltitleskip=\skip93
\cftafterloltitleskip=\skip94
\cftbeforelstlistingskip=\skip95
\cftlstlistingindent=\skip96
\cftlstlistingnumwidth=\skip97

(D:\LVTN\c9js-demo\report\LVTN\LVTN.aux)
LaTeX Font Info:    Checking defaults for OML/cmm/m/it on input line 306.
LaTeX Font Info:    ... okay on input line 306.
LaTeX Font Info:    Checking defaults for T1/cmr/m/n on input line 306.
LaTeX Font Info:    ... okay on input line 306.
LaTeX Font Info:    Checking defaults for OT1/cmr/m/n on input line 306.
LaTeX Font Info:    ... okay on input line 306.
LaTeX Font Info:    Checking defaults for OMS/cmsy/m/n on input line 306.
LaTeX Font Info:    ... okay on input line 306.
LaTeX Font Info:    Checking defaults for OMX/cmex/m/n on input line 306.
LaTeX Font Info:    ... okay on input line 306.
LaTeX Font Info:    Checking defaults for U/cmr/m/n on input line 306.
LaTeX Font Info:    ... okay on input line 306.
LaTeX Font Info:    Checking defaults for T5/cmr/m/n on input line 306.
LaTeX Font Info:    ... okay on input line 306.
LaTeX Font Info:    Checking defaults for PD1/pdf/m/n on input line 306.
LaTeX Font Info:    ... okay on input line 306.
LaTeX Font Info:    Checking defaults for TS1/cmr/m/n on input line 306.
LaTeX Font Info:    Try loading font information for TS1+cmr on input line 306.


("C:\Program Files\MiKTeX 2.9\tex\latex\base\ts1cmr.fd"
File: ts1cmr.fd 1999/05/25 v2.5h Standard LaTeX font definitions
)
LaTeX Font Info:    ... okay on input line 306.

("C:\Program Files\MiKTeX 2.9\tex\context\base\supp-pdf.mkii"
[Loading MPS to PDF converter (version 2006.09.02).]
\scratchcounter=\count110
\scratchdimen=\dimen125
\scratchbox=\box29
\nofMPsegments=\count111
\nofMParguments=\count112
\everyMPshowfont=\toks20
\MPscratchCnt=\count113
\MPscratchDim=\dimen126
\MPnumerator=\count114
\makeMPintoPDFobject=\count115
\everyMPtoPDFconversion=\toks21
)
\AtBeginShipoutBox=\box30
Package hyperref Info: Link coloring OFF on input line 306.
 ("C:\Program Files\MiKTeX 2.9\tex\latex\hyperref\nameref.sty"
Package: nameref 2012/10/27 v2.43 Cross-referencing by name of section

("C:\Program Files\MiKTeX 2.9\tex\generic\oberdiek\gettitlestring.sty"
Package: gettitlestring 2010/12/03 v1.4 Cleanup title references (HO)
)
\c@section@level=\count116
)
LaTeX Info: Redefining \ref on input line 306.
LaTeX Info: Redefining \pageref on input line 306.
LaTeX Info: Redefining \nameref on input line 306.

(D:\LVTN\c9js-demo\report\LVTN\LVTN.out)
(D:\LVTN\c9js-demo\report\LVTN\LVTN.out)
\@outlinefile=\write3
Package lastpage Info: Please have a look at the pageslts package at
(lastpage)             https://www.ctan.org/pkg/pageslts
(lastpage)             ! on input line 306.
Package caption Info: Begin \AtBeginDocument code.
Package caption Info: listings package is loaded.
Package caption Info: End \AtBeginDocument code.
\c@lstlisting=\count117

<image/logo.png, id=133, 1007.765pt x 1027.84pt>
File: image/logo.png Graphic file (type png)
 <use image/logo.png>
Package pdftex.def Info: image/logo.png used on input line 321.
(pdftex.def)             Requested size: 141.08614pt x 143.89662pt.
LaTeX Font Info:    External font `cmex10' loaded for size
(Font)              <12> on input line 340.
LaTeX Font Info:    External font `cmex10' loaded for size
(Font)              <8> on input line 340.
LaTeX Font Info:    External font `cmex10' loaded for size
(Font)              <6> on input line 340.
 [1

{C:/ProgramData/MiKTeX/2.9/pdftex/config/pdftex.map} <D:/LVTN/c9js-demo/report/
LVTN/image/logo.png>]pdfTeX warning (ext4): destination with the same identifie
r (name{page.1}) has been already used, duplicate ignored
<to be read again> 
                   \relax 
l.368 \NewPage
               [1] (D:\LVTN\c9js-demo\report\LVTN\LVTN.toc [2])
\tf@toc=\write4
File: image/logo.png Graphic file (type png)

<use image/logo.png>
Package pdftex.def Info: image/logo.png used on input line 370.
(pdftex.def)             Requested size: 34.13745pt x 34.1431pt.


Package Fancyhdr Warning: \headheight is too small (12.0pt): 
 Make it at least 15.2807pt.
 We now make it that large for the rest of the document.
 This may cause the page layout to be inconsistent, however.

[3] [4]

Package hyperref Warning: Composite letter `\texttilde+e'
(hyperref)                not defined in PD1 encoding,
(hyperref)                removing `\texttilde' on input line 372.

(D:\LVTN\c9js-demo\report\LVTN\LVTN.lof)
\tf@lof=\write5
 [5]

Package hyperref Warning: Composite letter `\textasciigrave+\ocircumflex'
(hyperref)                not defined in PD1 encoding,
(hyperref)                removing `\textasciigrave' on input line 374.


Package hyperref Warning: Glyph not defined in PD1 encoding,
(hyperref)                removing `\ocircumflex' on input line 374.

(D:\LVTN\c9js-demo\report\LVTN\LVTN.lol)
\tf@lol=\write6
 [6]

Package hyperref Warning: Composite letter `\textacute+\ohorn'
(hyperref)                not defined in PD1 encoding,
(hyperref)                removing `\textacute' on input line 379.


Package hyperref Warning: Glyph not defined in PD1 encoding,
(hyperref)                removing `\ohorn' on input line 379.


Package hyperref Warning: Composite letter `\textdotbelow+\ecircumflex'
(hyperref)                not defined in PD1 encoding,
(hyperref)                removing `\textdotbelow' on input line 379.


Package hyperref Warning: Glyph not defined in PD1 encoding,
(hyperref)                removing `\ecircumflex' on input line 379.


Package hyperref Warning: Glyph not defined in PD1 encoding,
(hyperref)                removing `\dj' on input line 379.


Package hyperref Warning: Composite letter `\textasciigrave+\ecircumflex'
(hyperref)                not defined in PD1 encoding,
(hyperref)                removing `\textasciigrave' on input line 379.


Package hyperref Warning: Glyph not defined in PD1 encoding,
(hyperref)                removing `\ecircumflex' on input line 379.


Package hyperref Warning: Composite letter `\textacute+\ocircumflex'
(hyperref)                not defined in PD1 encoding,
(hyperref)                removing `\textacute' on input line 380.


Package hyperref Warning: Glyph not defined in PD1 encoding,
(hyperref)                removing `\ocircumflex' on input line 380.


Package hyperref Warning: Glyph not defined in PD1 encoding,
(hyperref)                removing `\h' on input line 380.


Package hyperref Warning: Composite letter `\textdotbelow+\uhorn'
(hyperref)                not defined in PD1 encoding,
(hyperref)                removing `\textdotbelow' on input line 381.


Package hyperref Warning: Glyph not defined in PD1 encoding,
(hyperref)                removing `\uhorn' on input line 381.


Package hyperref Warning: Composite letter `\texttilde+\uhorn'
(hyperref)                not defined in PD1 encoding,
(hyperref)                removing `\texttilde' on input line 381.


Package hyperref Warning: Glyph not defined in PD1 encoding,
(hyperref)                removing `\uhorn' on input line 381.


Package hyperref Warning: Composite letter `\textdotbelow+\ecircumflex'
(hyperref)                not defined in PD1 encoding,
(hyperref)                removing `\textdotbelow' on input line 381.


Package hyperref Warning: Glyph not defined in PD1 encoding,
(hyperref)                removing `\ecircumflex' on input line 381.


Package natbib Warning: Citation `dataviz_wiki' on page 7 undefined on input li
ne 384.


Package natbib Warning: Citation `wiki_history_1' on page 7 undefined on input 
line 389.


Package natbib Warning: Citation `wiki_history_1' on page 7 undefined on input 
line 389.


Package natbib Warning: Citation `wiki_history_1' on page 7 undefined on input 
line 391.

File: image/logo.png Graphic file (type png)
<use image/logo.png>
Package pdftex.def Info: image/logo.png used on input line 397.
(pdftex.def)             Requested size: 34.13745pt x 34.1431pt.
 [7]

Package natbib Warning: Citation `wiki_history_2' on page 8 undefined on input 
line 400.


Package hyperref Warning: Composite letter `\textacute+\UHORN'
(hyperref)                not defined in PD1 encoding,
(hyperref)                removing `\textacute' on input line 403.


Package hyperref Warning: Glyph not defined in PD1 encoding,
(hyperref)                removing `\UHORN' on input line 403.


Package hyperref Warning: Composite letter `\textdotbelow+u'
(hyperref)                not defined in PD1 encoding,
(hyperref)                removing `\textdotbelow' on input line 403.


Package hyperref Warning: Composite letter `\textasciigrave+\ecircumflex'
(hyperref)                not defined in PD1 encoding,
(hyperref)                removing `\textasciigrave' on input line 403.


Package hyperref Warning: Glyph not defined in PD1 encoding,
(hyperref)                removing `\ecircumflex' on input line 403.


Package hyperref Warning: Glyph not defined in PD1 encoding,
(hyperref)                removing `\h' on input line 403.


Package hyperref Warning: Composite letter `\textdotbelow+o'
(hyperref)                not defined in PD1 encoding,
(hyperref)                removing `\textdotbelow' on input line 408.


Package hyperref Warning: Glyph not defined in PD1 encoding,
(hyperref)                removing `\dj' on input line 408.


Package hyperref Warning: Composite letter `\textasciigrave+\ecircumflex'
(hyperref)                not defined in PD1 encoding,
(hyperref)                removing `\textasciigrave' on input line 408.


Package hyperref Warning: Glyph not defined in PD1 encoding,
(hyperref)                removing `\ecircumflex' on input line 408.


Package natbib Warning: Citation `web_evolution' on page 8 undefined on input l
ine 410.

File: image/logo.png Graphic file (type png)
<use image/logo.png>
Package pdftex.def Info: image/logo.png used on input line 411.
(pdftex.def)             Requested size: 34.13745pt x 34.1431pt.
 [8]

Package natbib Warning: Citation `technology_boom' on page 9 undefined on input
 line 417.

File: image/logo.png Graphic file (type png)
<use image/logo.png>
Package pdftex.def Info: image/logo.png used on input line 421.
(pdftex.def)             Requested size: 34.13745pt x 34.1431pt.
 [9]

Package hyperref Warning: Composite letter `\textdotbelow+u'
(hyperref)                not defined in PD1 encoding,
(hyperref)                removing `\textdotbelow' on input line 422.


Package hyperref Warning: Glyph not defined in PD1 encoding,
(hyperref)                removing `\dj' on input line 422.


Package hyperref Warning: Composite letter `\textasciigrave+\ecircumflex'
(hyperref)                not defined in PD1 encoding,
(hyperref)                removing `\textasciigrave' on input line 422.


Package hyperref Warning: Glyph not defined in PD1 encoding,
(hyperref)                removing `\ecircumflex' on input line 422.


Package natbib Warning: Citation `c9js_github' on page 10 undefined on input li
ne 432.


Package natbib Warning: Citation `c9js_repo' on page 10 undefined on input line
 434.

File: image/logo.png Graphic file (type png)
<use image/logo.png>
Package pdftex.def Info: image/logo.png used on input line 435.
(pdftex.def)             Requested size: 34.13745pt x 34.1431pt.
 [10]
<image/repo_status.png, id=276, 268.00125pt x 32.37094pt>
File: image/repo_status.png Graphic file (type png)

<use image/repo_status.png>
Package pdftex.def Info: image/repo_status.png used on input line 438.
(pdftex.def)             Requested size: 214.40128pt x 25.89677pt.
File: image/logo.png Graphic file (type png)
 <use image/logo.png>
Package pdftex.def Info: image/logo.png used on input line 446.
(pdftex.def)             Requested size: 34.13745pt x 34.1431pt.
 [11 <D:/LVTN/c9js-demo/report/LVTN/image/repo_status.png>]

Package hyperref Warning: Composite letter `\textacute+\ecircumflex'
(hyperref)                not defined in PD1 encoding,
(hyperref)                removing `\textacute' on input line 447.


Package hyperref Warning: Glyph not defined in PD1 encoding,
(hyperref)                removing `\ecircumflex' on input line 447.


Package hyperref Warning: Composite letter `\textacute+\uhorn'
(hyperref)                not defined in PD1 encoding,
(hyperref)                removing `\textacute' on input line 447.


Package hyperref Warning: Glyph not defined in PD1 encoding,
(hyperref)                removing `\uhorn' on input line 447.


Package hyperref Warning: Composite letter `\textasciigrave+\ecircumflex'
(hyperref)                not defined in PD1 encoding,
(hyperref)                removing `\textasciigrave' on input line 447.


Package hyperref Warning: Glyph not defined in PD1 encoding,
(hyperref)                removing `\ecircumflex' on input line 447.


Package hyperref Warning: Glyph not defined in PD1 encoding,
(hyperref)                removing `\h' on input line 447.


Package hyperref Warning: Composite letter `\textdotbelow+\ecircumflex'
(hyperref)                not defined in PD1 encoding,
(hyperref)                removing `\textdotbelow' on input line 447.


Package hyperref Warning: Glyph not defined in PD1 encoding,
(hyperref)                removing `\ecircumflex' on input line 447.


Package hyperref Warning: Composite letter `\textdotbelow+u'
(hyperref)                not defined in PD1 encoding,
(hyperref)                removing `\textdotbelow' on input line 449.


Package hyperref Warning: Composite letter `\texttilde+\ocircumflex'
(hyperref)                not defined in PD1 encoding,
(hyperref)                removing `\texttilde' on input line 449.


Package hyperref Warning: Glyph not defined in PD1 encoding,
(hyperref)                removing `\ocircumflex' on input line 449.


Package hyperref Warning: Composite letter `\textdotbelow+\ohorn'
(hyperref)                not defined in PD1 encoding,
(hyperref)                removing `\textdotbelow' on input line 449.


Package hyperref Warning: Glyph not defined in PD1 encoding,
(hyperref)                removing `\ohorn' on input line 449.


Package hyperref Warning: Composite letter `\textdotbelow+\uhorn'
(hyperref)                not defined in PD1 encoding,
(hyperref)                removing `\textdotbelow' on input line 449.


Package hyperref Warning: Glyph not defined in PD1 encoding,
(hyperref)                removing `\uhorn' on input line 449.


Package hyperref Warning: Composite letter `\texttilde+\uhorn'
(hyperref)                not defined in PD1 encoding,
(hyperref)                removing `\texttilde' on input line 449.


Package hyperref Warning: Glyph not defined in PD1 encoding,
(hyperref)                removing `\uhorn' on input line 449.


Package hyperref Warning: Composite letter `\textdotbelow+\ecircumflex'
(hyperref)                not defined in PD1 encoding,
(hyperref)                removing `\textdotbelow' on input line 449.


Package hyperref Warning: Glyph not defined in PD1 encoding,
(hyperref)                removing `\ecircumflex' on input line 449.


Package natbib Warning: Citation `gapminder' on page 12 undefined on input line
 452.


Package natbib Warning: Citation `gapminderworld' on page 12 undefined on input
 line 463.

File: image/logo.png Graphic file (type png)
<use image/logo.png>
Package pdftex.def Info: image/logo.png used on input line 467.
(pdftex.def)             Requested size: 34.13745pt x 34.1431pt.
 [12]

Package natbib Warning: Citation `subgraph' on page 13 undefined on input line 
467.

<image/gapminder.png, id=289, 1013.28563pt x 484.05844pt>
File: image/gapminder.png Graphic file (type png)

<use image/gapminder.png>
Package pdftex.def Info: image/gapminder.png used on input line 471.
(pdftex.def)             Requested size: 405.30708pt x 193.61993pt.
File: image/logo.png Graphic file (type png)
 <use image/logo.png>
Package pdftex.def Info: image/logo.png used on input line 486.
(pdftex.def)             Requested size: 34.13745pt x 34.1431pt.
 [13 <D:/LVTN/c9js-demo/report/LVTN/image/gapminder.png>]

Package natbib Warning: Citation `gha' on page 14 undefined on input line 499.

<image/globalatlas.png, id=294, 1027.58907pt x 478.78876pt>
File: image/globalatlas.png Graphic file (type png)

<use image/globalatlas.png>
Package pdftex.def Info: image/globalatlas.png used on input line 502.
(pdftex.def)             Requested size: 411.02835pt x 191.5121pt.
File: image/logo.png Graphic file (type png)
 <use image/logo.png>
Package pdftex.def Info: image/logo.png used on input line 513.
(pdftex.def)             Requested size: 34.13745pt x 34.1431pt.
 [14]

Package natbib Warning: Citation `ghaex' on page 15 undefined on input line 518
.

File: image/logo.png Graphic file (type png)
<use image/logo.png>
Package pdftex.def Info: image/logo.png used on input line 530.
(pdftex.def)             Requested size: 34.13745pt x 34.1431pt.
 [15 <D:/LVTN/c9js-demo/report/LVTN/image/globalatlas.png>] <image/clickatlas.p
ng, id=304, 1027.58907pt x 481.8pt>
File: image/clickatlas.png Graphic file (type png)

<use image/clickatlas.png>
Package pdftex.def Info: image/clickatlas.png used on input line 534.
(pdftex.def)             Requested size: 411.02835pt x 192.71658pt.

<image/hoveratlas.png, id=305, 1028.34187pt x 478.78876pt>
File: image/hoveratlas.png Graphic file (type png)

<use image/hoveratlas.png>
Package pdftex.def Info: image/hoveratlas.png used on input line 545.
(pdftex.def)             Requested size: 411.32947pt x 191.5121pt.
File: image/logo.png Graphic file (type png)
 <use image/logo.png>
Package pdftex.def Info: image/logo.png used on input line 560.
(pdftex.def)             Requested size: 34.13745pt x 34.1431pt.
 [16 <D:/LVTN/c9js-demo/report/LVTN/image/clickatlas.png>]

Package hyperref Warning: Glyph not defined in PD1 encoding,
(hyperref)                removing `\uhorn' on input line 562.


Package hyperref Warning: Composite letter `\textdotbelow+\ecircumflex'
(hyperref)                not defined in PD1 encoding,
(hyperref)                removing `\textdotbelow' on input line 562.


Package hyperref Warning: Glyph not defined in PD1 encoding,
(hyperref)                removing `\ecircumflex' on input line 562.


Package hyperref Warning: Glyph not defined in PD1 encoding,
(hyperref)                removing `\dj' on input line 562.


Package hyperref Warning: Composite letter `\textasciigrave+\ocircumflex'
(hyperref)                not defined in PD1 encoding,
(hyperref)                removing `\textasciigrave' on input line 562.


Package hyperref Warning: Glyph not defined in PD1 encoding,
(hyperref)                removing `\ocircumflex' on input line 562.


Package hyperref Warning: Composite letter `\textdotbelow+i'
(hyperref)                not defined in PD1 encoding,
(hyperref)                removing `\textdotbelow' on input line 562.


Package natbib Warning: Citation `c3js' on page 17 undefined on input line 565.


LaTeX Font Info:    Try loading font information for T5+cmtt on input line 567.

("C:\Program Files\MiKTeX 2.9\tex\latex\vntex\t5cmtt.fd"
File: t5cmtt.fd 1999/05/25 v2.5h Standard LaTeX font definitions
)
<image/c3js.png, id=311, 1020.81375pt x 415.5525pt>
File: image/c3js.png Graphic file (type png)
 <use image/c3js.png>
Package pdftex.def Info: image/c3js.png used on input line 570.
(pdftex.def)             Requested size: 408.31827pt x 166.21805pt.

Underfull \hbox (badness 10000) in paragraph at lines 578--579

 []

<image/c3syntax.png, id=312, 1371.1225pt x 1248.665pt>
File: image/c3syntax.png Graphic file (type png)

<use image/c3syntax.png>
Package pdftex.def Info: image/c3syntax.png used on input line 584.
(pdftex.def)             Requested size: 411.33992pt x 374.60239pt.
File: image/logo.png Graphic file (type png)
 <use image/logo.png>
Package pdftex.def Info: image/logo.png used on input line 591.
(pdftex.def)             Requested size: 34.13745pt x 34.1431pt.
 [17 <D:/LVTN/c9js-demo/report/LVTN/image/hoveratlas.png>]
File: image/logo.png Graphic file (type png)
 <use image/logo.png>
Package pdftex.def Info: image/logo.png used on input line 591.
(pdftex.def)             Requested size: 34.13745pt x 34.1431pt.
 [18 <D:/LVTN/c9js-demo/report/LVTN/image/c3js.png> <D:/LVTN/c9js-demo/report/L
VTN/image/c3syntax.png>]
<image/c3custom.png, id=325, 1015.54407pt x 348.55219pt>
File: image/c3custom.png Graphic file (type png)

<use image/c3custom.png>
Package pdftex.def Info: image/c3custom.png used on input line 596.
(pdftex.def)             Requested size: 406.21043pt x 139.4184pt.

<image/c3apis.png, id=326, 1014.79124pt x 475.02469pt>
File: image/c3apis.png Graphic file (type png)
 <use image/c3apis.png>
Package pdftex.def Info: image/c3apis.png used on input line 608.
(pdftex.def)             Requested size: 405.9093pt x 190.0065pt.
File: image/logo.png Graphic file (type png)

<use image/logo.png>
Package pdftex.def Info: image/logo.png used on input line 622.
(pdftex.def)             Requested size: 34.13745pt x 34.1431pt.
 [19 <D:/LVTN/c9js-demo/report/LVTN/image/c3custom.png>]
<image/c3source.png, id=332, 992.20688pt x 621.07031pt>
File: image/c3source.png Graphic file (type png)

<use image/c3source.png>
Package pdftex.def Info: image/c3source.png used on input line 625.
(pdftex.def)             Requested size: 396.87572pt x 248.42372pt.


Package hyperref Warning: Composite letter `\textacute+\UHORN'
(hyperref)                not defined in PD1 encoding,
(hyperref)                removing `\textacute' on input line 639.


Package hyperref Warning: Glyph not defined in PD1 encoding,
(hyperref)                removing `\UHORN' on input line 639.


Package hyperref Warning: Composite letter `\textdotbelow+u'
(hyperref)                not defined in PD1 encoding,
(hyperref)                removing `\textdotbelow' on input line 639.


Package hyperref Warning: Composite letter `\textdotbelow+a'
(hyperref)                not defined in PD1 encoding,
(hyperref)                removing `\textdotbelow' on input line 639.


Package hyperref Warning: Glyph not defined in PD1 encoding,
(hyperref)                removing `\h' on input line 639.


Package hyperref Warning: Glyph not defined in PD1 encoding,
(hyperref)                removing `\dj' on input line 639.


Package hyperref Warning: Composite letter `\textasciigrave+\ocircumflex'
(hyperref)                not defined in PD1 encoding,
(hyperref)                removing `\textasciigrave' on input line 639.


Package hyperref Warning: Glyph not defined in PD1 encoding,
(hyperref)                removing `\ocircumflex' on input line 639.


Package natbib Warning: Citation `mapme' on page 20 undefined on input line 642
.

<image/mapme.png, id=333, 1015.54407pt x 488.57532pt>
File: image/mapme.png Graphic file (type png)
 <use image/mapme.png>
Package pdftex.def Info: image/mapme.png used on input line 646.
(pdftex.def)             Requested size: 406.21043pt x 195.42667pt.
File: image/logo.png Graphic file (type png)

<use image/logo.png>
Package pdftex.def Info: image/logo.png used on input line 656.
(pdftex.def)             Requested size: 34.13745pt x 34.1431pt.
 [20 <D:/LVTN/c9js-demo/report/LVTN/image/c3apis.png>]
File: image/logo.png Graphic file (type png)

<use image/logo.png>
Package pdftex.def Info: image/logo.png used on input line 656.
(pdftex.def)             Requested size: 34.13745pt x 34.1431pt.
 [21 <D:/LVTN/c9js-demo/report/LVTN/image/c3source.png> <D:/LVTN/c9js-demo/repo
rt/LVTN/image/mapme.png>]

Package natbib Warning: Citation `osm' on page 22 undefined on input line 662.

<image/mapmeOSM.png, id=345, 1028.34187pt x 491.58656pt>
File: image/mapmeOSM.png Graphic file (type png)

<use image/mapmeOSM.png>
Package pdftex.def Info: image/mapmeOSM.png used on input line 666.
(pdftex.def)             Requested size: 411.32947pt x 196.63113pt.

<image/mapmeExport.png, id=346, 525.46312pt x 311.66437pt>
File: image/mapmeExport.png Graphic file (type png)

<use image/mapmeExport.png>
Package pdftex.def Info: image/mapmeExport.png used on input line 677.
(pdftex.def)             Requested size: 420.37106pt x 249.33183pt.
File: image/logo.png Graphic file (type png)
 <use image/logo.png>
Package pdftex.def Info: image/logo.png used on input line 681.
(pdftex.def)             Requested size: 34.13745pt x 34.1431pt.
 [22 <D:/LVTN/c9js-demo/report/LVTN/image/mapmeOSM.png>]

Package hyperref Warning: Composite letter `\textacute+\ecircumflex'
(hyperref)                not defined in PD1 encoding,
(hyperref)                removing `\textacute' on input line 693.


Package hyperref Warning: Glyph not defined in PD1 encoding,
(hyperref)                removing `\ecircumflex' on input line 693.


Package hyperref Warning: Composite letter `\textacute+\uhorn'
(hyperref)                not defined in PD1 encoding,
(hyperref)                removing `\textacute' on input line 693.


Package hyperref Warning: Glyph not defined in PD1 encoding,
(hyperref)                removing `\uhorn' on input line 693.


Package hyperref Warning: Composite letter `\textasciigrave+\ecircumflex'
(hyperref)                not defined in PD1 encoding,
(hyperref)                removing `\textasciigrave' on input line 693.


Package hyperref Warning: Glyph not defined in PD1 encoding,
(hyperref)                removing `\ecircumflex' on input line 693.


Package hyperref Warning: Glyph not defined in PD1 encoding,
(hyperref)                removing `\h' on input line 693.

File: image/logo.png Graphic file (type png)
<use image/logo.png>
Package pdftex.def Info: image/logo.png used on input line 698.
(pdftex.def)             Requested size: 34.13745pt x 34.1431pt.
 [23 <D:/LVTN/c9js-demo/report/LVTN/image/mapmeExport.png>]
File: image/logo.png Graphic file (type png)
<use image/logo.png>
Package pdftex.def Info: image/logo.png used on input line 711.
(pdftex.def)             Requested size: 34.13745pt x 34.1431pt.
 [24]
File: image/logo.png Graphic file (type png)
 <use image/logo.png>
Package pdftex.def Info: image/logo.png used on input line 740.
(pdftex.def)             Requested size: 34.13745pt x 34.1431pt.
 [25]
File: image/logo.png Graphic file (type png)
 <use image/logo.png>
Package pdftex.def Info: image/logo.png used on input line 753.
(pdftex.def)             Requested size: 34.13745pt x 34.1431pt.

[26]
File: image/logo.png Graphic file (type png)
 <use image/logo.png>
Package pdftex.def Info: image/logo.png used on input line 771.
(pdftex.def)             Requested size: 34.13745pt x 34.1431pt.
 [27]
File: image/logo.png Graphic file (type png)
 <use image/logo.png>
Package pdftex.def Info: image/logo.png used on input line 792.
(pdftex.def)             Requested size: 34.13745pt x 34.1431pt.
 [28]
File: image/logo.png Graphic file (type png)
 <use image/logo.png>
Package pdftex.def Info: image/logo.png used on input line 792.
(pdftex.def)             Requested size: 34.13745pt x 34.1431pt.

[29]

Package hyperref Warning: Composite letter `\textacute+\ohorn'
(hyperref)                not defined in PD1 encoding,
(hyperref)                removing `\textacute' on input line 793.


Package hyperref Warning: Glyph not defined in PD1 encoding,
(hyperref)                removing `\ohorn' on input line 793.


Package hyperref Warning: Composite letter `\textdotbelow+\ecircumflex'
(hyperref)                not defined in PD1 encoding,
(hyperref)                removing `\textdotbelow' on input line 793.


Package hyperref Warning: Glyph not defined in PD1 encoding,
(hyperref)                removing `\ecircumflex' on input line 793.


Package hyperref Warning: Glyph not defined in PD1 encoding,
(hyperref)                removing `\uhorn' on input line 793.


Package hyperref Warning: Composite letter `\textdotbelow+\ecircumflex'
(hyperref)                not defined in PD1 encoding,
(hyperref)                removing `\textdotbelow' on input line 793.


Package hyperref Warning: Glyph not defined in PD1 encoding,
(hyperref)                removing `\ecircumflex' on input line 793.


Package hyperref Warning: Glyph not defined in PD1 encoding,
(hyperref)                removing `\h' on input line 795.

<image/c9js_feature.png, id=384, 954.56625pt x 306.39468pt>
File: image/c9js_feature.png Graphic file (type png)

<use image/c9js_feature.png>
Package pdftex.def Info: image/c9js_feature.png used on input line 813.
(pdftex.def)             Requested size: 477.28197pt x 153.19696pt.

Overfull \hbox (7.52698pt too wide) in paragraph at lines 813--814
 [] 
 []


Package hyperref Warning: Glyph not defined in PD1 encoding,
(hyperref)                removing `\uhorn' on input line 823.


Package hyperref Warning: Composite letter `\textacute+\ohorn'
(hyperref)                not defined in PD1 encoding,
(hyperref)                removing `\textacute' on input line 823.


Package hyperref Warning: Glyph not defined in PD1 encoding,
(hyperref)                removing `\ohorn' on input line 823.


Package hyperref Warning: Composite letter `\texttilde+\acircumflex'
(hyperref)                not defined in PD1 encoding,
(hyperref)                removing `\texttilde' on input line 823.


Package hyperref Warning: Glyph not defined in PD1 encoding,
(hyperref)                removing `\acircumflex' on input line 823.


Package hyperref Warning: Glyph not defined in PD1 encoding,
(hyperref)                removing `\h' on input line 823.


Package hyperref Warning: Glyph not defined in PD1 encoding,
(hyperref)                removing `\uhorn' on input line 823.


Package hyperref Warning: Composite letter `\textdotbelow+u'
(hyperref)                not defined in PD1 encoding,
(hyperref)                removing `\textdotbelow' on input line 823.

File: image/logo.png Graphic file (type png)
<use image/logo.png>
Package pdftex.def Info: image/logo.png used on input line 826.
(pdftex.def)             Requested size: 34.13745pt x 34.1431pt.
 [30]
<image/getting_started.png, id=393, 295.85532pt x 32.37094pt>
File: image/getting_started.png Graphic file (type png)

<use image/getting_started.png>
Package pdftex.def Info: image/getting_started.png used on input line 830.
(pdftex.def)             Requested size: 236.68456pt x 25.89677pt.

<image/gs_1.png, id=395, 885.3075pt x 380.17032pt>
File: image/gs_1.png Graphic file (type png)
 <use image/gs_1.png>
Package pdftex.def Info: image/gs_1.png used on input line 839.
(pdftex.def)             Requested size: 442.65266pt x 190.08469pt.


Package hyperref Warning: Glyph not defined in PD1 encoding,
(hyperref)                removing `\dj' on input line 847.


Package hyperref Warning: Composite letter `\textdotbelow+\abreve'
(hyperref)                not defined in PD1 encoding,
(hyperref)                removing `\textdotbelow' on input line 847.


Package hyperref Warning: Glyph not defined in PD1 encoding,
(hyperref)                removing `\abreve' on input line 847.

File: image/logo.png Graphic file (type png)
<use image/logo.png>
Package pdftex.def Info: image/logo.png used on input line 855.
(pdftex.def)             Requested size: 34.13745pt x 34.1431pt.
 [31 <D:/LVTN/c9js-demo/report/LVTN/image/c9js_feature.png> <D:/LVTN/c9js-demo/
report/LVTN/image/getting_started.png>]
LaTeX Font Info:    Font shape `T5/cmtt/bx/n' in size <10.95> not available
(Font)              Font shape `T5/cmtt/m/n' tried instead on input line 866.
LaTeX Font Info:    External font `cmex10' loaded for size
(Font)              <10.95> on input line 868.

Overfull \hbox (72.99667pt too wide) in paragraph at lines 868--868
[] $[]$ 
 []

File: image/logo.png Graphic file (type png)
<use image/logo.png>
Package pdftex.def Info: image/logo.png used on input line 874.
(pdftex.def)             Requested size: 34.13745pt x 34.1431pt.
 [32pdfTeX warning (ext4): destination with the same identifier (name{lstnumber
.\\z@\040.1}) has been already used, duplicate ignored

\AtBegShi@Output ...ipout \box \AtBeginShipoutBox 
                                                  \fi \fi 
l.874 	\end{lstlisting}
                        <D:/LVTN/c9js-demo/report/LVTN/image/gs_1.png>]
Overfull \hbox (72.99667pt too wide) in paragraph at lines 874--874
[] $[]$ 
 []

pdfTeX warning (ext4): destination with the same identifier (name{lstnumber.\\z
@\040.1}) has been already used, duplicate ignored
<to be read again> 
                   \relax 
l.885 <link
            href="/path/to/C9.css" rel="stylesheet" type="text/css">pdfTeX warn
ing (ext4): destination with the same identifier (name{lstnumber.\\z@\040.2}) h
as been already used, duplicate ignored
<to be read again> 
                   \relax 
l.886 <!
        -- Load d3.js and C9.js -->
Overfull \hbox (17.7723pt too wide) in paragraph at lines 889--889
[] $[]$ 
 []

pdfTeX warning (ext4): destination with the same identifier (name{lstnumber.\\z
@\040.1}) has been already used, duplicate ignored
<to be read again> 
                   \relax 
l.892 <link
            rel="stylesheet" href="https://openlayers.org/en/v3.19.1/css/ol....
pdfTeX warning (ext4): destination with the same identifier (name{lstnumber.\\z
@\040.2}) has been already used, duplicate ignored
<to be read again> 
                   \relax 
l.893 <script
              src="https://openlayers.org/en/v3.19.1/build/ol.js" type="text...

Overfull \hbox (17.7723pt too wide) in paragraph at lines 895--895
[] $[]$ 
 []


Package hyperref Warning: Composite letter `\textdotbelow+a'
(hyperref)                not defined in PD1 encoding,
(hyperref)                removing `\textdotbelow' on input line 897.


Package hyperref Warning: Glyph not defined in PD1 encoding,
(hyperref)                removing `\h' on input line 897.


Package hyperref Warning: Glyph not defined in PD1 encoding,
(hyperref)                removing `\ecircumflex' on input line 897.


Package hyperref Warning: Glyph not defined in PD1 encoding,
(hyperref)                removing `\dj' on input line 897.


Package hyperref Warning: Composite letter `\textasciigrave+\ocircumflex'
(hyperref)                not defined in PD1 encoding,
(hyperref)                removing `\textasciigrave' on input line 897.


Package hyperref Warning: Glyph not defined in PD1 encoding,
(hyperref)                removing `\ocircumflex' on input line 897.


Package hyperref Warning: Glyph not defined in PD1 encoding,
(hyperref)                removing `\h' on input line 897.


Package hyperref Warning: Glyph not defined in PD1 encoding,
(hyperref)                removing `\dj' on input line 897.


Package hyperref Warning: Composite letter `\textasciigrave+\ocircumflex'
(hyperref)                not defined in PD1 encoding,
(hyperref)                removing `\textasciigrave' on input line 897.


Package hyperref Warning: Glyph not defined in PD1 encoding,
(hyperref)                removing `\ocircumflex' on input line 897.


Package hyperref Warning: Composite letter `\textacute+\ohorn'
(hyperref)                not defined in PD1 encoding,
(hyperref)                removing `\textacute' on input line 897.


Package hyperref Warning: Glyph not defined in PD1 encoding,
(hyperref)                removing `\ohorn' on input line 897.

File: image/logo.png Graphic file (type png)
<use image/logo.png>
Package pdftex.def Info: image/logo.png used on input line 903.
(pdftex.def)             Requested size: 34.13745pt x 34.1431pt.
 [33pdfTeX warning (ext4): destination with the same identifier (name{lstnumber
.\\z@\040.2}) has been already used, duplicate ignored

\AtBegShi@Output ...ipout \box \AtBeginShipoutBox 
                                                  \fi \fi 
l.903 
        u tin, cn to mt \textit{khung cha (container)} tron...
pdfTeX warning (ext4): destination with the same identifier (name{lstnumber.\\z
@\040.3}) has been already used, duplicate ignored

\AtBegShi@Output ...ipout \box \AtBeginShipoutBox 
                                                  \fi \fi 
l.903 
        u tin, cn to mt \textit{khung cha (container)} tron...
]pdfTeX warning (ext4): destination with the same identifier (name{lstnumber.\\
z@\040.1}) has been already used, duplicate ignored
<to be read again> 
                   \relax 
l.906 <div
           id="chart"></div>
Overfull \hbox (17.7723pt too wide) in paragraph at lines 907--907
[] $[]$ 
 []


Overfull \hbox (17.7723pt too wide) in paragraph at lines 926--926
[] $[]$ 
 []

<image/gs_2.png, id=421, 588.69937pt x 375.65344pt>
File: image/gs_2.png Graphic file (type png)
 <use image/gs_2.png>
Package pdftex.def Info: image/gs_2.png used on input line 932.
(pdftex.def)             Requested size: 412.08675pt x 262.9556pt.
pdfTeX warning (ext4): destination with the same identifier (name{lstnumber.\\z
@\040.1}) has been already used, duplicate ignored
<to be read again> 
                   \relax 
l.944 <div
           id="chart"></div>
Overfull \hbox (17.7723pt too wide) in paragraph at lines 945--945
[] $[]$ 
 []

File: image/logo.png Graphic file (type png)
<use image/logo.png>
Package pdftex.def Info: image/logo.png used on input line 945.
(pdftex.def)             Requested size: 34.13745pt x 34.1431pt.
 [34]
Overfull \hbox (17.7723pt too wide) in paragraph at lines 955--955
[] $[]$ 
 []


Package natbib Warning: Citation `osm' on page 35 undefined on input line 957.


Package natbib Warning: Citation `bingmap' on page 35 undefined on input line 9
57.


Package natbib Warning: Citation `stamen' on page 35 undefined on input line 95
7.

<image/gs_3.png, id=441, 638.385pt x 322.95656pt>
File: image/gs_3.png Graphic file (type png)
 <use image/gs_3.png>
Package pdftex.def Info: image/gs_3.png used on input line 961.
(pdftex.def)             Requested size: 446.86644pt x 226.06804pt.
File: image/logo.png Graphic file (type png)

<use image/logo.png>
Package pdftex.def Info: image/logo.png used on input line 969.
(pdftex.def)             Requested size: 34.13745pt x 34.1431pt.
 [35 <D:/LVTN/c9js-demo/report/LVTN/image/gs_2.png>]
LaTeX Font Info:    Try loading font information for TS1+cmtt on input line 977
.

("C:\Program Files\MiKTeX 2.9\tex\latex\base\ts1cmtt.fd"
File: ts1cmtt.fd 1999/05/25 v2.5h Standard LaTeX font definitions
)
File: image/logo.png Graphic file (type png)
 <use image/logo.png>
Package pdftex.def Info: image/logo.png used on input line 985.
(pdftex.def)             Requested size: 34.13745pt x 34.1431pt.

[36 <D:/LVTN/c9js-demo/report/LVTN/image/gs_3.png>]
Overfull \hbox (17.7723pt too wide) in paragraph at lines 986--986
[] $[]$ 
 []

<image/gs_4.png, id=477, 640.64343pt x 344.78813pt>
File: image/gs_4.png Graphic file (type png)
 <use image/gs_4.png>
Package pdftex.def Info: image/gs_4.png used on input line 992.
(pdftex.def)             Requested size: 448.44734pt x 241.35004pt.


Package hyperref Warning: Composite letter `\textdotbelow+u'
(hyperref)                not defined in PD1 encoding,
(hyperref)                removing `\textdotbelow' on input line 999.


Package hyperref Warning: Composite letter `\textdotbelow+a'
(hyperref)                not defined in PD1 encoding,
(hyperref)                removing `\textdotbelow' on input line 999.


Package hyperref Warning: Composite letter `\textacute+\UHORN'
(hyperref)                not defined in PD1 encoding,
(hyperref)                removing `\textacute' on input line 1003.


Package hyperref Warning: Glyph not defined in PD1 encoding,
(hyperref)                removing `\UHORN' on input line 1003.


Package hyperref Warning: Composite letter `\textdotbelow+u'
(hyperref)                not defined in PD1 encoding,
(hyperref)                removing `\textdotbelow' on input line 1003.


Package hyperref Warning: Composite letter `\textdotbelow+\uhorn'
(hyperref)                not defined in PD1 encoding,
(hyperref)                removing `\textdotbelow' on input line 1003.


Package hyperref Warning: Glyph not defined in PD1 encoding,
(hyperref)                removing `\uhorn' on input line 1003.


Package hyperref Warning: Composite letter `\textacute+\ecircumflex'
(hyperref)                not defined in PD1 encoding,
(hyperref)                removing `\textacute' on input line 1003.


Package hyperref Warning: Glyph not defined in PD1 encoding,
(hyperref)                removing `\ecircumflex' on input line 1003.

File: image/logo.png Graphic file (type png)
<use image/logo.png>
Package pdftex.def Info: image/logo.png used on input line 1008.
(pdftex.def)             Requested size: 34.13745pt x 34.1431pt.
 [37 <D:/LVTN/c9js-demo/report/LVTN/image/gs_4.png>]

Package hyperref Warning: Composite letter `\textdotbelow+\uhorn'
(hyperref)                not defined in PD1 encoding,
(hyperref)                removing `\textdotbelow' on input line 1009.


Package hyperref Warning: Glyph not defined in PD1 encoding,
(hyperref)                removing `\uhorn' on input line 1009.


Package hyperref Warning: Composite letter `\textdotbelow+\ecircumflex'
(hyperref)                not defined in PD1 encoding,
(hyperref)                removing `\textdotbelow' on input line 1009.


Package hyperref Warning: Glyph not defined in PD1 encoding,
(hyperref)                removing `\ecircumflex' on input line 1009.


Package hyperref Warning: Composite letter `\textacute+\ecircumflex'
(hyperref)                not defined in PD1 encoding,
(hyperref)                removing `\textacute' on input line 1010.


Package hyperref Warning: Glyph not defined in PD1 encoding,
(hyperref)                removing `\ecircumflex' on input line 1010.


Package hyperref Warning: Composite letter `\textdotbelow+\uhorn'
(hyperref)                not defined in PD1 encoding,
(hyperref)                removing `\textdotbelow' on input line 1010.


Package hyperref Warning: Glyph not defined in PD1 encoding,
(hyperref)                removing `\uhorn' on input line 1010.


Package hyperref Warning: Composite letter `\textdotbelow+\ecircumflex'
(hyperref)                not defined in PD1 encoding,
(hyperref)                removing `\textdotbelow' on input line 1011.


Package hyperref Warning: Glyph not defined in PD1 encoding,
(hyperref)                removing `\ecircumflex' on input line 1011.


Package hyperref Warning: Composite letter `\textdotbelow+\uhorn'
(hyperref)                not defined in PD1 encoding,
(hyperref)                removing `\textdotbelow' on input line 1011.


Package hyperref Warning: Glyph not defined in PD1 encoding,
(hyperref)                removing `\uhorn' on input line 1011.


Package hyperref Warning: Glyph not defined in PD1 encoding,
(hyperref)                removing `\uhorn' on input line 1011.


Package hyperref Warning: Composite letter `\textdotbelow+\ecircumflex'
(hyperref)                not defined in PD1 encoding,
(hyperref)                removing `\textdotbelow' on input line 1011.


Package hyperref Warning: Glyph not defined in PD1 encoding,
(hyperref)                removing `\ecircumflex' on input line 1011.

File: image/logo.png Graphic file (type png)
<use image/logo.png>
Package pdftex.def Info: image/logo.png used on input line 1014.
(pdftex.def)             Requested size: 34.13745pt x 34.1431pt.
 [38]

Package hyperref Warning: Composite letter `\textacute+\ecircumflex'
(hyperref)                not defined in PD1 encoding,
(hyperref)                removing `\textacute' on input line 1015.


Package hyperref Warning: Glyph not defined in PD1 encoding,
(hyperref)                removing `\ecircumflex' on input line 1015.


Package hyperref Warning: Composite letter `\textdotbelow+\acircumflex'
(hyperref)                not defined in PD1 encoding,
(hyperref)                removing `\textdotbelow' on input line 1015.


Package hyperref Warning: Glyph not defined in PD1 encoding,
(hyperref)                removing `\acircumflex' on input line 1015.


Package hyperref Warning: Glyph not defined in PD1 encoding,
(hyperref)                removing `\uhorn' on input line 1017.


Package hyperref Warning: Composite letter `\textacute+\ohorn'
(hyperref)                not defined in PD1 encoding,
(hyperref)                removing `\textacute' on input line 1017.


Package hyperref Warning: Glyph not defined in PD1 encoding,
(hyperref)                removing `\ohorn' on input line 1017.


Package hyperref Warning: Glyph not defined in PD1 encoding,
(hyperref)                removing `\h' on input line 1017.


Package hyperref Warning: Glyph not defined in PD1 encoding,
(hyperref)                removing `\ecircumflex' on input line 1017.


Package hyperref Warning: Composite letter `\textacute+\ecircumflex'
(hyperref)                not defined in PD1 encoding,
(hyperref)                removing `\textacute' on input line 1018.


Package hyperref Warning: Glyph not defined in PD1 encoding,
(hyperref)                removing `\ecircumflex' on input line 1018.


Package hyperref Warning: Composite letter `\textdotbelow+\acircumflex'
(hyperref)                not defined in PD1 encoding,
(hyperref)                removing `\textdotbelow' on input line 1018.


Package hyperref Warning: Glyph not defined in PD1 encoding,
(hyperref)                removing `\acircumflex' on input line 1018.

File: image/logo.png Graphic file (type png)
<use image/logo.png>
Package pdftex.def Info: image/logo.png used on input line 1021.
(pdftex.def)             Requested size: 34.13745pt x 34.1431pt.
 [39] (D:\LVTN\c9js-demo\report\LVTN\LVTN.bbl

Package hyperref Warning: Composite letter `\textdotbelow+\ecircumflex'
(hyperref)                not defined in PD1 encoding,
(hyperref)                removing `\textdotbelow' on input line 1.


Package hyperref Warning: Glyph not defined in PD1 encoding,
(hyperref)                removing `\ecircumflex' on input line 1.


Package hyperref Warning: Glyph not defined in PD1 encoding,
(hyperref)                removing `\h' on input line 1.

)

Package natbib Warning: There were undefined citations.


AED: lastpage setting LastPage
File: image/logo.png Graphic file (type png)
<use image/logo.png>
Package pdftex.def Info: image/logo.png used on input line 1027.
(pdftex.def)             Requested size: 34.13745pt x 34.1431pt.
 [40]
Package atveryend Info: Empty hook `BeforeClearDocument' on input line 1027.
Package atveryend Info: Empty hook `AfterLastShipout' on input line 1027.
 (D:\LVTN\c9js-demo\report\LVTN\LVTN.aux)
Package atveryend Info: Executing hook `AtVeryEndDocument' on input line 1027.
Package atveryend Info: Executing hook `AtEndAfterFileList' on input line 1027.

Package rerunfilecheck Info: File `LVTN.out' has not changed.
(rerunfilecheck)             Checksum: 68EFB7DBA15FFDA3A9B6211540D87CE9;2347.
Package atveryend Info: Empty hook `AtVeryVeryEnd' on input line 1027.
 ) 
Here is how much of TeX's memory you used:
 11441 strings out of 493921
 162035 string characters out of 3147267
 324637 words of memory out of 3000000
 14425 multiletter control sequences out of 15000+200000
 26818 words of font info for 50 fonts, out of 3000000 for 9000
 841 hyphenation exceptions out of 8191
 36i,18n,58p,980b,2345s stack positions out of 5000i,500n,10000p,200000b,50000s
 <C:\Users\Thanh Cong\AppData\Local\MiKTeX\2.9\fonts\pk\ljfour\jknappen\ec\dp
i600\tctt1095.pk> <C:\Users\Thanh Cong\AppData\Local\MiKTeX\2.9\fonts\pk\ljfour
\jknappen\ec\dpi600\tcrm1200.pk><C:/Program Files/MiKTeX 2.9/fonts/type1/vntex/
vnr/vnbx10.pfb><C:/Program Files/MiKTeX 2.9/fonts/type1/vntex/vnr/vnbx12.pfb><C
:/Program Files/MiKTeX 2.9/fonts/type1/vntex/vnr/vnbx8.pfb><C:/Program Files/Mi
KTeX 2.9/fonts/type1/vntex/vnr/vnbxti10.pfb><C:/Program Files/MiKTeX 2.9/fonts/
type1/vntex/vnr/vncsc10.pfb><C:/Program Files/MiKTeX 2.9/fonts/type1/vntex/vnr/
vnr10.pfb><C:/Program Files/MiKTeX 2.9/fonts/type1/vntex/vnr/vnr12.pfb><C:/Prog
ram Files/MiKTeX 2.9/fonts/type1/vntex/vnr/vnr8.pfb><C:/Program Files/MiKTeX 2.
9/fonts/type1/vntex/vnr/vnti10.pfb><C:/Program Files/MiKTeX 2.9/fonts/type1/vnt
ex/vnr/vnti12.pfb><C:/Program Files/MiKTeX 2.9/fonts/type1/vntex/vnr/vnti8.pfb>
<C:/Program Files/MiKTeX 2.9/fonts/type1/vntex/vnr/vntt10.pfb><C:/Program Files
/MiKTeX 2.9/fonts/type1/vntex/vnr/vntt12.pfb>
Output written on LVTN.pdf (41 pages, 2512030 bytes).
PDF statistics:
 580 PDF objects out of 1000 (max. 8388607)
 140 named destinations out of 1000 (max. 500000)
 365 words of extra memory for PDF output out of 10000 (max. 10000000)

