\BOOKMARK [1][-]{section.1}{Gii thiu \040t\340i}{}% 1
\BOOKMARK [2][-]{subsection.1.1}{Bi canh}{section.1}% 2
\BOOKMARK [2][-]{subsection.1.2}{Muc ti\352u}{section.1}% 3
\BOOKMARK [1][-]{section.2}{C\341c c\364ng tr\354nh li\352n quan}{}% 4
\BOOKMARK [2][-]{subsection.2.1}{C\364ng cu h tr trc quan d liu ph\342n t\341n Gapminder}{section.2}% 5
\BOOKMARK [3][-]{subsubsection.2.1.1}{Gii thiu}{subsection.2.1}% 6
\BOOKMARK [3][-]{subsubsection.2.1.2}{Muc ti\352u}{subsection.2.1}% 7
\BOOKMARK [3][-]{subsubsection.2.1.3}{Phng ph\341p}{subsection.2.1}% 8
\BOOKMARK [3][-]{subsubsection.2.1.4}{\320\341nh gi\341}{subsection.2.1}% 9
\BOOKMARK [2][-]{subsection.2.2}{Global Health Atlas - WHO}{section.2}% 10
\BOOKMARK [3][-]{subsubsection.2.2.1}{Gii thiu}{subsection.2.2}% 11
\BOOKMARK [3][-]{subsubsection.2.2.2}{Muc ti\352u}{subsection.2.2}% 12
\BOOKMARK [3][-]{subsubsection.2.2.3}{Phng ph\341p}{subsection.2.2}% 13
\BOOKMARK [3][-]{subsubsection.2.2.4}{\320\341nh gi\341}{subsection.2.2}% 14
\BOOKMARK [2][-]{subsection.2.3}{Th vin \040thi C3.js}{section.2}% 15
\BOOKMARK [3][-]{subsubsection.2.3.1}{Gii thiu}{subsection.2.3}% 16
\BOOKMARK [3][-]{subsubsection.2.3.2}{Muc ti\352u}{subsection.2.3}% 17
\BOOKMARK [3][-]{subsubsection.2.3.3}{Phng ph\341p}{subsection.2.3}% 18
\BOOKMARK [3][-]{subsubsection.2.3.4}{\320\341nh gi\341}{subsection.2.3}% 19
\BOOKMARK [2][-]{subsection.2.4}{ng dung tao ban \040online Mapme}{section.2}% 20
\BOOKMARK [3][-]{subsubsection.2.4.1}{Gii thiu}{subsection.2.4}% 21
\BOOKMARK [3][-]{subsubsection.2.4.2}{Muc ti\352u}{subsection.2.4}% 22
\BOOKMARK [3][-]{subsubsection.2.4.3}{Phng ph\341p}{subsection.2.4}% 23
\BOOKMARK [3][-]{subsubsection.2.4.4}{\320\341nh gi\341}{subsection.2.4}% 24
\BOOKMARK [1][-]{section.3}{Kin thc nn}{}% 25
\BOOKMARK [2][-]{subsection.3.1}{JavaScript}{section.3}% 26
\BOOKMARK [3][-]{subsubsection.3.1.1}{Gii thiu}{subsection.3.1}% 27
\BOOKMARK [3][-]{subsubsection.3.1.2}{Muc ti\352u}{subsection.3.1}% 28
\BOOKMARK [3][-]{subsubsection.3.1.3}{T\355nh nang}{subsection.3.1}% 29
\BOOKMARK [3][-]{subsubsection.3.1.4}{ng dung}{subsection.3.1}% 30
\BOOKMARK [2][-]{subsection.3.2}{jQuery}{section.3}% 31
\BOOKMARK [3][-]{subsubsection.3.2.1}{Gii thiu}{subsection.3.2}% 32
\BOOKMARK [3][-]{subsubsection.3.2.2}{Muc ti\352u}{subsection.3.2}% 33
\BOOKMARK [3][-]{subsubsection.3.2.3}{T\355nh nang}{subsection.3.2}% 34
\BOOKMARK [3][-]{subsubsection.3.2.4}{ng dung}{subsection.3.2}% 35
\BOOKMARK [2][-]{subsection.3.3}{d3.js}{section.3}% 36
\BOOKMARK [3][-]{subsubsection.3.3.1}{Gii thiu}{subsection.3.3}% 37
\BOOKMARK [3][-]{subsubsection.3.3.2}{Muc ti\352u}{subsection.3.3}% 38
\BOOKMARK [3][-]{subsubsection.3.3.3}{ng dung}{subsection.3.3}% 39
\BOOKMARK [2][-]{subsection.3.4}{OpenLayers}{section.3}% 40
\BOOKMARK [3][-]{subsubsection.3.4.1}{Gii thiu}{subsection.3.4}% 41
\BOOKMARK [3][-]{subsubsection.3.4.2}{Muc ti\352u}{subsection.3.4}% 42
\BOOKMARK [3][-]{subsubsection.3.4.3}{\320c im}{subsection.3.4}% 43
\BOOKMARK [3][-]{subsubsection.3.4.4}{ng dung}{subsection.3.4}% 44
\BOOKMARK [1][-]{section.4}{Giai ph\341p \040xut}{}% 45
\BOOKMARK [2][-]{subsection.4.1}{M\364 ta b\340i to\341n}{section.4}% 46
\BOOKMARK [2][-]{subsection.4.2}{Kin tr\372c th vin d kin x\342y dng}{section.4}% 47
\BOOKMARK [2][-]{subsection.4.3}{M\364 h\354nh d liu d kin x\342y dng}{section.4}% 48
\BOOKMARK [1][-]{section.5}{Phng ph\341p \341nh gi\341}{}% 49
\BOOKMARK [1][-]{section.6}{K hoach thc hin}{}% 50
\BOOKMARK [1][-]{section.7}{Kt lun}{}% 51
\BOOKMARK [1][-]{section.8}{T\340i liu tham khao}{}% 52
